#
# A fatal error has been detected by the Java Runtime Environment:
#
#  EXCEPTION_ACCESS_VIOLATION (0xc0000005) at pc=0x000001933b0c4c73, pid=6088, tid=2028
#
# JRE version: OpenJDK Runtime Environment Temurin-17.0.10+7 (17.0.10+7) (build 17.0.10+7)
# Java VM: OpenJDK 64-Bit Server VM Temurin-17.0.10+7 (17.0.10+7, mixed mode, emulated-client, tiered, compressed oops, compressed class ptrs, g1 gc, windows-amd64)
# Problematic frame:
# C  [controller.dll+0x1f4c73]
#
# No core dump will be written. Minidumps are not enabled by default on client versions of Windows
#
# If you would like to submit a bug report, please visit:
#   https://github.com/adoptium/adoptium-support/issues
# The crash happened outside the Java Virtual Machine in native code.
# See problematic frame for where to report the bug.
#

---------------  S U M M A R Y ------------

Command Line: -Dcom.sun.management.jmxremote -Dcom.sun.management.jmxremote.port=49730 -Dcom.sun.management.jmxremote.authenticate=false -Dcom.sun.management.jmxremote.ssl=false -Djava.rmi.server.hostname=localhost -Dspring.jmx.enabled=true -Dmanagement.endpoints.jmx.exposure.include=* -Dspring.application.admin.enabled=true -XX:TieredStopAtLevel=1 -Dspring.boot.project.name=abbyyApi -Dfile.encoding=UTF-8 -Dstdout.encoding=UTF-8 -Dstderr.encoding=UTF-8 -XX:+ShowCodeDetailsInExceptionMessages com.abbyysdk.AbbyyApiApplication --spring.output.ansi.enabled=always

Host: 11th Gen Intel(R) Core(TM) i5-1135G7 @ 2.40GHz, 2 cores, 6G,  Windows 10 , 64 bit Build 14393 (10.0.14393.4651)
Time: Thu Mar  7 00:19:26 2024 Arab Standard Time elapsed time: 358.945636 seconds (0d 0h 5m 58s)

---------------  T H R E A D  ---------------

Current thread (0x00000193388749a0):  JavaThread "http-nio-8080-exec-2" daemon [_thread_in_native, id=2028, stack(0x0000008465500000,0x0000008465600000)]

Stack: [0x0000008465500000,0x0000008465600000],  sp=0x00000084655fc640,  free space=1009k
Native frames: (J=compiled Java code, j=interpreted, Vv=VM code, C=native code)
C  [controller.dll+0x1f4c73]

Java frames: (J=compiled Java code, j=interpreted, Vv=VM code)
j  com.abbyy.FCEngine.IBatch.Recognize(Lcom/abbyy/FCEngine/IIntsCollection;Lcom/abbyy/FCEngine/RecognitionModeEnum;Lcom/abbyy/FCEngine/ISectionDefinitionsCollection;)V+0
j  service.ImageProcessingService.processImagesAndGetJsonData([Lorg/springframework/web/multipart/MultipartFile;Ljava/lang/String;)Ljava/lang/String;+209
j  com.abbyysdk.controller.ImageProcessingController.fetchAbbyyData([Lorg/springframework/web/multipart/MultipartFile;Ljava/lang/String;)Lorg/springframework/http/ResponseEntity;+6
v  ~StubRoutines::call_stub
J 3807  jdk.internal.reflect.NativeMethodAccessorImpl.invoke0(Ljava/lang/reflect/Method;Ljava/lang/Object;[Ljava/lang/Object;)Ljava/lang/Object; java.base@17.0.10 (0 bytes) @ 0x000001932b312a1f [0x000001932b3129a0+0x000000000000007f]
J 3806 c1 jdk.internal.reflect.NativeMethodAccessorImpl.invoke(Ljava/lang/Object;[Ljava/lang/Object;)Ljava/lang/Object; java.base@17.0.10 (137 bytes) @ 0x000001932b3131ec [0x000001932b312f00+0x00000000000002ec]
J 3719 c1 jdk.internal.reflect.DelegatingMethodAccessorImpl.invoke(Ljava/lang/Object;[Ljava/lang/Object;)Ljava/lang/Object; java.base@17.0.10 (10 bytes) @ 0x000001932b2f5864 [0x000001932b2f5820+0x0000000000000044]
J 3747 c1 java.lang.reflect.Method.invoke(Ljava/lang/Object;[Ljava/lang/Object;)Ljava/lang/Object; java.base@17.0.10 (65 bytes) @ 0x000001932b2fded4 [0x000001932b2fdde0+0x00000000000000f4]
j  org.springframework.web.method.support.InvocableHandlerMethod.doInvoke([Ljava/lang/Object;)Ljava/lang/Object;+55
j  org.springframework.web.method.support.InvocableHandlerMethod.invokeForRequest(Lorg/springframework/web/context/request/NativeWebRequest;Lorg/springframework/web/method/support/ModelAndViewContainer;[Ljava/lang/Object;)Ljava/lang/Object;+86
j  org.springframework.web.servlet.mvc.method.annotation.ServletInvocableHandlerMethod.invokeAndHandle(Lorg/springframework/web/context/request/ServletWebRequest;Lorg/springframework/web/method/support/ModelAndViewContainer;[Ljava/lang/Object;)V+4
j  org.springframework.web.servlet.mvc.method.annotation.RequestMappingHandlerAdapter.invokeHandlerMethod(Ljakarta/servlet/http/HttpServletRequest;Ljakarta/servlet/http/HttpServletResponse;Lorg/springframework/web/method/HandlerMethod;)Lorg/springframework/web/servlet/ModelAndView;+253
j  org.springframework.web.servlet.mvc.method.annotation.RequestMappingHandlerAdapter.handleInternal(Ljakarta/servlet/http/HttpServletRequest;Ljakarta/servlet/http/HttpServletResponse;Lorg/springframework/web/method/HandlerMethod;)Lorg/springframework/web/servlet/ModelAndView;+81
j  org.springframework.web.servlet.mvc.method.AbstractHandlerMethodAdapter.handle(Ljakarta/servlet/http/HttpServletRequest;Ljakarta/servlet/http/HttpServletResponse;Ljava/lang/Object;)Lorg/springframework/web/servlet/ModelAndView;+7
j  org.springframework.web.servlet.DispatcherServlet.doDispatch(Ljakarta/servlet/http/HttpServletRequest;Ljakarta/servlet/http/HttpServletResponse;)V+259
j  org.springframework.web.servlet.DispatcherServlet.doService(Ljakarta/servlet/http/HttpServletRequest;Ljakarta/servlet/http/HttpServletResponse;)V+242
j  org.springframework.web.servlet.FrameworkServlet.processRequest(Ljakarta/servlet/http/HttpServletRequest;Ljakarta/servlet/http/HttpServletResponse;)V+70
j  org.springframework.web.servlet.FrameworkServlet.doPost(Ljakarta/servlet/http/HttpServletRequest;Ljakarta/servlet/http/HttpServletResponse;)V+3
j  jakarta.servlet.http.HttpServlet.service(Ljakarta/servlet/http/HttpServletRequest;Ljakarta/servlet/http/HttpServletResponse;)V+150
j  org.springframework.web.servlet.FrameworkServlet.service(Ljakarta/servlet/http/HttpServletRequest;Ljakarta/servlet/http/HttpServletResponse;)V+20
j  jakarta.servlet.http.HttpServlet.service(Ljakarta/servlet/ServletRequest;Ljakarta/servlet/ServletResponse;)V+37
j  org.apache.catalina.core.ApplicationFilterChain.internalDoFilter(Ljakarta/servlet/ServletRequest;Ljakarta/servlet/ServletResponse;)V+305
j  org.apache.catalina.core.ApplicationFilterChain.doFilter(Ljakarta/servlet/ServletRequest;Ljakarta/servlet/ServletResponse;)V+99
j  org.apache.tomcat.websocket.server.WsFilter.doFilter(Ljakarta/servlet/ServletRequest;Ljakarta/servlet/ServletResponse;Ljakarta/servlet/FilterChain;)V+21
j  org.apache.catalina.core.ApplicationFilterChain.internalDoFilter(Ljakarta/servlet/ServletRequest;Ljakarta/servlet/ServletResponse;)V+135
j  org.apache.catalina.core.ApplicationFilterChain.doFilter(Ljakarta/servlet/ServletRequest;Ljakarta/servlet/ServletResponse;)V+99
j  org.springframework.web.filter.RequestContextFilter.doFilterInternal(Ljakarta/servlet/http/HttpServletRequest;Ljakarta/servlet/http/HttpServletResponse;Ljakarta/servlet/FilterChain;)V+21
j  org.springframework.web.filter.OncePerRequestFilter.doFilter(Ljakarta/servlet/ServletRequest;Ljakarta/servlet/ServletResponse;Ljakarta/servlet/FilterChain;)V+150
j  org.apache.catalina.core.ApplicationFilterChain.internalDoFilter(Ljakarta/servlet/ServletRequest;Ljakarta/servlet/ServletResponse;)V+135
j  org.apache.catalina.core.ApplicationFilterChain.doFilter(Ljakarta/servlet/ServletRequest;Ljakarta/servlet/ServletResponse;)V+99
j  org.springframework.web.filter.FormContentFilter.doFilterInternal(Ljakarta/servlet/http/HttpServletRequest;Ljakarta/servlet/http/HttpServletResponse;Ljakarta/servlet/FilterChain;)V+38
j  org.springframework.web.filter.OncePerRequestFilter.doFilter(Ljakarta/servlet/ServletRequest;Ljakarta/servlet/ServletResponse;Ljakarta/servlet/FilterChain;)V+150
j  org.apache.catalina.core.ApplicationFilterChain.internalDoFilter(Ljakarta/servlet/ServletRequest;Ljakarta/servlet/ServletResponse;)V+135
j  org.apache.catalina.core.ApplicationFilterChain.doFilter(Ljakarta/servlet/ServletRequest;Ljakarta/servlet/ServletResponse;)V+99
j  org.springframework.web.filter.CharacterEncodingFilter.doFilterInternal(Ljakarta/servlet/http/HttpServletRequest;Ljakarta/servlet/http/HttpServletResponse;Ljakarta/servlet/FilterChain;)V+53
j  org.springframework.web.filter.OncePerRequestFilter.doFilter(Ljakarta/servlet/ServletRequest;Ljakarta/servlet/ServletResponse;Ljakarta/servlet/FilterChain;)V+150
j  org.apache.catalina.core.ApplicationFilterChain.internalDoFilter(Ljakarta/servlet/ServletRequest;Ljakarta/servlet/ServletResponse;)V+135
j  org.apache.catalina.core.ApplicationFilterChain.doFilter(Ljakarta/servlet/ServletRequest;Ljakarta/servlet/ServletResponse;)V+99
j  org.apache.catalina.core.StandardWrapperValve.invoke(Lorg/apache/catalina/connector/Request;Lorg/apache/catalina/connector/Response;)V+514
j  org.apache.catalina.core.StandardContextValve.invoke(Lorg/apache/catalina/connector/Request;Lorg/apache/catalina/connector/Response;)V+169
j  org.apache.catalina.authenticator.AuthenticatorBase.invoke(Lorg/apache/catalina/connector/Request;Lorg/apache/catalina/connector/Response;)V+218
j  org.apache.catalina.core.StandardHostValve.invoke(Lorg/apache/catalina/connector/Request;Lorg/apache/catalina/connector/Response;)V+131
j  org.apache.catalina.valves.ErrorReportValve.invoke(Lorg/apache/catalina/connector/Request;Lorg/apache/catalina/connector/Response;)V+6
j  org.apache.catalina.core.StandardEngineValve.invoke(Lorg/apache/catalina/connector/Request;Lorg/apache/catalina/connector/Response;)V+59
j  org.apache.catalina.connector.CoyoteAdapter.service(Lorg/apache/coyote/Request;Lorg/apache/coyote/Response;)V+188
j  org.apache.coyote.http11.Http11Processor.service(Lorg/apache/tomcat/util/net/SocketWrapperBase;)Lorg/apache/tomcat/util/net/AbstractEndpoint$Handler$SocketState;+795
j  org.apache.coyote.AbstractProcessorLight.process(Lorg/apache/tomcat/util/net/SocketWrapperBase;Lorg/apache/tomcat/util/net/SocketEvent;)Lorg/apache/tomcat/util/net/AbstractEndpoint$Handler$SocketState;+152
j  org.apache.coyote.AbstractProtocol$ConnectionHandler.process(Lorg/apache/tomcat/util/net/SocketWrapperBase;Lorg/apache/tomcat/util/net/SocketEvent;)Lorg/apache/tomcat/util/net/AbstractEndpoint$Handler$SocketState;+482
j  org.apache.tomcat.util.net.NioEndpoint$SocketProcessor.doRun()V+249
j  org.apache.tomcat.util.net.SocketProcessorBase.run()V+32
j  org.apache.tomcat.util.threads.ThreadPoolExecutor.runWorker(Lorg/apache/tomcat/util/threads/ThreadPoolExecutor$Worker;)V+92
j  org.apache.tomcat.util.threads.ThreadPoolExecutor$Worker.run()V+5
j  org.apache.tomcat.util.threads.TaskThread$WrappingRunnable.run()V+4
j  java.lang.Thread.run()V+11 java.base@17.0.10
v  ~StubRoutines::call_stub

siginfo: EXCEPTION_ACCESS_VIOLATION (0xc0000005), reading address 0x00000000000001e0


Registers:
RAX=0x0000000000000000, RBX=0x0000019338631cc0, RCX=0x0000019338631a98, RDX=0x000001933a68e701
RSP=0x00000084655fc640, RBP=0x0000019338631a80, RSI=0x0000000000000001, RDI=0x0000019338631a98
R8 =0x0000000000000000, R9 =0x000001933b738038, R10=0xffffffffffffdf70, R11=0x00000084655fc740
R12=0x0000000000000000, R13=0x0000000000000000, R14=0x0000019338631a80, R15=0x0000000000000000
RIP=0x000001933b0c4c73, EFLAGS=0x0000000000010202


Register to memory mapping:

RIP=0x000001933b0c4c73 controller.dll
RAX=0x0 is NULL
RBX=0x0000019338631cc0 points into unknown readable memory: 0x000001933b655470 | 70 54 65 3b 93 01 00 00
RCX=0x0000019338631a98 points into unknown readable memory: 0x000001933b654fe8 | e8 4f 65 3b 93 01 00 00
RDX=0x000001933a68e701 FineObj.dll
RSP=0x00000084655fc640 is pointing into the stack for thread: 0x00000193388749a0
RBP=0x0000019338631a80 points into unknown readable memory: 0x000001933b6555b8 | b8 55 65 3b 93 01 00 00
RSI=0x0000000000000001 is an unknown value
RDI=0x0000019338631a98 points into unknown readable memory: 0x000001933b654fe8 | e8 4f 65 3b 93 01 00 00
R8 =0x0 is NULL
R9 =0x000001933b738038 controller.dll
R10=0xffffffffffffdf70 is an unknown value
R11=0x00000084655fc740 is pointing into the stack for thread: 0x00000193388749a0
R12=0x0 is NULL
R13=0x0 is NULL
R14=0x0000019338631a80 points into unknown readable memory: 0x000001933b6555b8 | b8 55 65 3b 93 01 00 00
R15=0x0 is NULL


Top of Stack: (sp=0x00000084655fc640)
0x00000084655fc640:   0000000000000000 0000000000000000
0x00000084655fc650:   000001933a68e750 000001933a68e750
0x00000084655fc660:   000001933a68e750 000001933a68e750
0x00000084655fc670:   0000019338631a80 000001933b0cde8f
0x00000084655fc680:   000001933a68e750 000001933a68e750
0x00000084655fc690:   000001933c16d9f0 000001933a68e750
0x00000084655fc6a0:   0000000000000000 0000019338631cc0
0x00000084655fc6b0:   0000000000000000 0000000000000000
0x00000084655fc6c0:   0000019338631a80 000001933b0cdfcb
0x00000084655fc6d0:   0000019338631cc0 0000019338631a80
0x00000084655fc6e0:   000001933c16d9f0 000001933a68e750
0x00000084655fc6f0:   000001933a68e750 fffffffffffffffe
0x00000084655fc700:   0000000000000000 0000019300000000
0x00000084655fc710:   0000019338631ee0 0000019338631cc0
0x00000084655fc720:   0000000000000000 0000019338631a80
0x00000084655fc730:   000001933c16d9f0 00000084655fc7c8
0x00000084655fc740:   0000019338631cc0 000001933b0c0eb4
0x00000084655fc750:   0000019300000000 0000019338631cc0
0x00000084655fc760:   000001933c16d9f0 000001933b43d174
0x00000084655fc770:   000001933c16d9f0 00007ffd376812e6
0x00000084655fc780:   fffffffffffffffe 0000000000000040
0x00000084655fc790:   0000000000000040 000001933a5d4bc4
0x00000084655fc7a0:   0000019339a4e670 0000000000000000
0x00000084655fc7b0:   0000019338631ee0 0000000000000001
0x00000084655fc7c0:   000001933a46aa70 0000000000000000
0x00000084655fc7d0:   00000000ffffffff 0000000000000000
0x00000084655fc7e0:   0000000000000000 0000000000000000
0x00000084655fc7f0:   0000000000000000 0000019338631cc0
0x00000084655fc800:   00000084655fccf8 000001933b43ffb5
0x00000084655fc810:   0000019300000000 000001933c16d9f0
0x00000084655fc820:   0000000000000001 000001933b0c16c2
0x00000084655fc830:   0000019300000000 fffffffffffffffe 

Instructions: (pc=0x000001933b0c4c73)
0x000001933b0c4b73:   ff c0 44 8b 4f 04 45 3b c1 7e 6a 41 8b c1 99 2b
0x000001933b0c4b83:   c2 d1 f8 41 8b cd 83 f8 08 0f 4f c8 45 2b c1 44
0x000001933b0c4b93:   3b c1 41 0f 4f c8 45 8d 2c 09 48 8b 77 08 49 63
0x000001933b0c4ba3:   cd 48 c1 e1 03 ff 15 32 16 53 00 48 8b c8 48 89
0x000001933b0c4bb3:   47 08 48 63 07 85 c0 7e 10 4c 8b c0 49 c1 e0 03
0x000001933b0c4bc3:   48 8b d6 ff 15 6c 2c 53 00 48 85 f6 74 0a 48 8b
0x000001933b0c4bd3:   ce ff 15 0e 16 53 00 90 44 89 6f 04 8b 75 50 41
0x000001933b0c4be3:   bd 08 00 00 00 48 63 0f 48 8b 47 08 48 8d 14 c8
0x000001933b0c4bf3:   48 89 55 58 48 85 d2 74 03 4c 89 22 ff 07 ff c3
0x000001933b0c4c03:   41 3b df 0f 8c 54 ff ff ff 45 33 e4 0f b6 5d 40
0x000001933b0c4c13:   48 8d 4d d8 e8 14 9d e6 ff 48 8b 4d e0 4c 89 65
0x000001933b0c4c23:   e0 48 85 c9 74 07 ff 15 b9 15 53 00 90 0f b6 c3
0x000001933b0c4c33:   48 8b 9c 24 b8 00 00 00 48 83 c4 70 41 5f 41 5e
0x000001933b0c4c43:   41 5d 41 5c 5f 5e 5d c3 cc cc cc cc cc 48 89 74
0x000001933b0c4c53:   24 18 57 48 83 ec 30 48 8b 81 d0 02 00 00 0f b6
0x000001933b0c4c63:   f2 48 8b f9 48 85 c0 74 26 48 8b 80 10 02 00 00
0x000001933b0c4c73:   48 8b 88 e0 01 00 00 48 8b 01 ff 90 90 01 00 00
0x000001933b0c4c83:   84 c0 75 0b 48 8b 74 24 50 48 83 c4 30 5f c3 40
0x000001933b0c4c93:   84 f6 74 17 8b 47 5c c1 e8 03 a8 01 74 0d b0 01
0x000001933b0c4ca3:   48 8b 74 24 50 48 83 c4 30 5f c3 48 89 5c 24 40
0x000001933b0c4cb3:   48 8d 5f e8 48 8b cb e8 41 53 00 00 85 c0 75 16
0x000001933b0c4cc3:   8b 47 5c 48 8b 5c 24 40 83 e0 01 48 8b 74 24 50
0x000001933b0c4cd3:   48 83 c4 30 5f c3 48 8b 03 48 8b cb 48 89 6c 24
0x000001933b0c4ce3:   48 33 ed 8b fd ff 90 d0 01 00 00 48 8d 48 28 48
0x000001933b0c4cf3:   8b 40 28 ff 10 85 c0 0f 8e a8 00 00 00 48 8b 03
0x000001933b0c4d03:   48 8b cb ff 90 d0 01 00 00 8b d7 48 8d 48 28 48
0x000001933b0c4d13:   8b 40 28 ff 50 08 4c 8d 0d e8 5b 88 00 89 6c 24
0x000001933b0c4d23:   20 48 8b c8 4c 8d 05 e2 50 88 00 33 d2 e8 2f 1f
0x000001933b0c4d33:   45 00 48 85 c0 74 4e 8b 88 98 00 00 00 c1 e9 09
0x000001933b0c4d43:   40 84 f6 74 22 f6 c1 01 74 3b 39 a8 9c 00 00 00
0x000001933b0c4d53:   74 0b 8b 48 74 c1 e9 03 f6 c1 01 74 28 f6 40 74
0x000001933b0c4d63:   01 74 22 b0 01 eb 44 f6 c1 01 74 54 39 a8 9c 00 


Stack slot to memory mapping:
stack at sp + 0 slots: 0x0 is NULL
stack at sp + 1 slots: 0x0 is NULL
stack at sp + 2 slots: 0x000001933a68e750 FineObj.dll
stack at sp + 3 slots: 0x000001933a68e750 FineObj.dll
stack at sp + 4 slots: 0x000001933a68e750 FineObj.dll
stack at sp + 5 slots: 0x000001933a68e750 FineObj.dll
stack at sp + 6 slots: 0x0000019338631a80 points into unknown readable memory: 0x000001933b6555b8 | b8 55 65 3b 93 01 00 00
stack at sp + 7 slots: 0x000001933b0cde8f controller.dll


Compiled method (n/a)  359033 3807     n 0       jdk.internal.reflect.NativeMethodAccessorImpl::invoke0 (native)
 total in heap  [0x000001932b312810,0x000001932b312ca8] = 1176
 relocation     [0x000001932b312968,0x000001932b3129a0] = 56
 main code      [0x000001932b3129a0,0x000001932b312ca8] = 776

[Constant Pool (empty)]

[MachCode]
[Entry Point]
  # {method} {0x000001933431ee80} 'invoke0' '(Ljava/lang/reflect/Method;Ljava/lang/Object;[Ljava/lang/Object;)Ljava/lang/Object;' in 'jdk/internal/reflect/NativeMethodAccessorImpl'
  # parm0:    rdx:rdx   = 'java/lang/reflect/Method'
  # parm1:    r8:r8     = 'java/lang/Object'
  # parm2:    r9:r9     = '[Ljava/lang/Object;'
  #           [sp+0x80]  (sp of caller)
  0x000001932b3129a0: 448b 5208 | 49c1 e203 | 493b c20f | 8407 0000 

  0x000001932b3129b0: ;   {runtime_call ic_miss_stub}
  0x000001932b3129b0: 00e9 cae6 | 8eff 6690 
[Verified Entry Point]
  0x000001932b3129b8: 8984 2400 | 90ff ff55 | 488b ec48 | 83ec 704c | 894c 2438 | 4983 f900 | 488d 4424 | 3848 0f44 
  0x000001932b3129d8: 4424 3848 | 8944 2420 | 4c89 4424 | 3049 83f8 | 004c 8d4c | 2430 4c0f | 444c 2430 | 4889 5424 
  0x000001932b3129f8: 2848 83fa | 004c 8d44 | 2428 4c0f | 4444 2428 

  0x000001932b312a08: ;   {oop(a 'java/lang/Class'{0x0000000099662c78} = 'jdk/internal/reflect/NativeMethodAccessorImpl')}
  0x000001932b312a08: 49be 782c | 6699 0000 | 0000 4c89 | 7424 584c | 8d74 2458 | 498b d6c5 

  0x000001932b312a20: ;   {internal_word}
  0x000001932b312a20: f877 49ba | 1f2a 312b | 9301 0000 | 4d89 97a0 | 0200 0049 | 89a7 9802 

  0x000001932b312a38: ;   {external_word}
  0x000001932b312a38: 0000 49ba | 7935 d40e | fd7f 0000 | 4180 3a00 | 0f84 5200 | 0000 5241 

  0x000001932b312a50: ;   {metadata({method} {0x000001933431ee80} 'invoke0' '(Ljava/lang/reflect/Method;Ljava/lang/Object;[Ljava/lang/Object;)Ljava/lang/Object;' in 'jdk/internal/reflect/NativeMethodAccessorImpl')}
  0x000001932b312a50: 5041 5148 | ba78 ee31 | 3493 0100 | 0049 8bcf | 4883 ec20 | f7c4 0f00 | 0000 0f84 | 1a00 0000 
  0x000001932b312a70: 4883 ec08 

  0x000001932b312a74: ;   {runtime_call}
  0x000001932b312a74: 49ba 0030 | 8a0e fd7f | 0000 41ff | d248 83c4 | 08e9 0d00 

  0x000001932b312a88: ;   {runtime_call}
  0x000001932b312a88: 0000 49ba | 0030 8a0e | fd7f 0000 | 41ff d248 | 83c4 2041 | 5941 585a | 498d 8fb8 | 0200 0041 
  0x000001932b312aa8: c787 4803 | 0000 0400 

  0x000001932b312ab0: ;   {runtime_call}
  0x000001932b312ab0: 0000 49ba | c03d 802f | fd7f 0000 | 41ff d2c5 | f877 41c7 | 8748 0300 | 0005 0000 | 00f0 8344 
  0x000001932b312ad0: 24c0 0049 | 3baf 5003 | 0000 0f87 | 1100 0000 | 4181 bf38 | 0300 0000 | 0000 000f | 842c 0000 
  0x000001932b312af0: 00c5 f877 | 4889 45f8 | 498b cf4c | 8be4 4883 | ec20 4883 

  0x000001932b312b04: ;   {runtime_call}
  0x000001932b312b04: e4f0 49ba | 7044 9a0e | fd7f 0000 | 41ff d249 | 8be4 4d33 | e448 8b45 | f841 c787 | 4803 0000 
  0x000001932b312b24: 0800 0000 | 4181 bfb8 | 0300 0002 | 0000 000f | 843f 0100 

  0x000001932b312b38: ;   {external_word}
  0x000001932b312b38: 0049 ba79 | 35d4 0efd | 7f00 0041 | 803a 000f | 8450 0000 | 0048 8945 

  0x000001932b312b50: ;   {metadata({method} {0x000001933431ee80} 'invoke0' '(Ljava/lang/reflect/Method;Ljava/lang/Object;[Ljava/lang/Object;)Ljava/lang/Object;' in 'jdk/internal/reflect/NativeMethodAccessorImpl')}
  0x000001932b312b50: f848 ba78 | ee31 3493 | 0100 0049 | 8bcf 4883 | ec20 f7c4 | 0f00 0000 | 0f84 1a00 | 0000 4883 
  0x000001932b312b70: ;   {runtime_call}
  0x000001932b312b70: ec08 49ba | 0030 8a0e | fd7f 0000 | 41ff d248 | 83c4 08e9 | 0d00 0000 

  0x000001932b312b88: ;   {runtime_call}
  0x000001932b312b88: 49ba 0030 | 8a0e fd7f | 0000 41ff | d248 83c4 | 2048 8b45 | f849 c787 | 9802 0000 | 0000 0000 
  0x000001932b312ba8: 49c7 87a0 | 0200 0000 | 0000 00c5 | f877 4885 | c00f 8493 | 0000 0048 | f7c0 0100 | 0000 0f84 
  0x000001932b312bc8: 8300 0000 | 488b 40ff | 4180 7f38 | 000f 846f | 0000 0048 | 83f8 000f | 8465 0000 | 0049 8b4f 
  0x000001932b312be8: 2048 83f9 | 000f 8414 | 0000 0048 | 83e9 0849 | 894f 2049 | 034f 3048 | 8901 e943 | 0000 0050 
  0x000001932b312c08: 498b d748 | 8bc8 4883 | ec20 f7c4 | 0f00 0000 | 0f84 1a00 | 0000 4883 

  0x000001932b312c20: ;   {runtime_call}
  0x000001932b312c20: ec08 49ba | 6048 490e | fd7f 0000 | 41ff d248 | 83c4 08e9 | 0d00 0000 

  0x000001932b312c38: ;   {runtime_call}
  0x000001932b312c38: 49ba 6048 | 490e fd7f | 0000 41ff | d248 83c4 | 2058 e903 | 0000 0048 | 8b00 498b | 8fd8 0000 
  0x000001932b312c58: 00c7 8100 | 0100 0000 | 0000 00c9 | 4981 7f08 | 0000 0000 | 0f85 0100 

  0x000001932b312c70: ;   {runtime_call StubRoutines (1)}
  0x000001932b312c70: 0000 c3e9 | 88e2 89ff | c5f8 7748 | 8945 f84c | 8be4 4883 | ec20 4883 

  0x000001932b312c88: ;   {runtime_call}
  0x000001932b312c88: e4f0 49ba | 8060 8a0e | fd7f 0000 | 41ff d249 | 8be4 4d33 | e448 8b45 | f8e9 93fe | ffff f4f4 
[/MachCode]


Compiled method (c1)  359042 3806   !   1       jdk.internal.reflect.NativeMethodAccessorImpl::invoke (137 bytes)
 total in heap  [0x000001932b312d10,0x000001932b3136f0] = 2528
 relocation     [0x000001932b312e68,0x000001932b312ef0] = 136
 main code      [0x000001932b312f00,0x000001932b313300] = 1024
 stub code      [0x000001932b313300,0x000001932b313388] = 136
 metadata       [0x000001932b313388,0x000001932b3133a8] = 32
 scopes data    [0x000001932b3133a8,0x000001932b313468] = 192
 scopes pcs     [0x000001932b313468,0x000001932b313588] = 288
 dependencies   [0x000001932b313588,0x000001932b313590] = 8
 handler table  [0x000001932b313590,0x000001932b3136b0] = 288
 nul chk table  [0x000001932b3136b0,0x000001932b3136f0] = 64

[Constant Pool (empty)]

[MachCode]
[Entry Point]
  # {method} {0x000001933431ed48} 'invoke' '(Ljava/lang/Object;[Ljava/lang/Object;)Ljava/lang/Object;' in 'jdk/internal/reflect/NativeMethodAccessorImpl'
  # this:     rdx:rdx   = 'jdk/internal/reflect/NativeMethodAccessorImpl'
  # parm0:    r8:r8     = 'java/lang/Object'
  # parm1:    r9:r9     = '[Ljava/lang/Object;'
  #           [sp+0xd0]  (sp of caller)
  0x000001932b312f00: 448b 5208 | 49c1 e203 

  0x000001932b312f08: ;   {runtime_call ic_miss_stub}
  0x000001932b312f08: 4c3b d00f | 856f e18e | ff66 6666 | 0f1f 8400 | 0000 0000 | 6666 6690 
[Verified Entry Point]
  0x000001932b312f20: 8984 2400 | 90ff ff55 | 4881 ecc0 | 0000 0048 | 8954 2470 | 8b72 0cff | c689 720c 

  0x000001932b312f3c: ;   {oop(a 'java/lang/Class'{0x00000000996829f0} = 'jdk/internal/reflect/ReflectionFactory')}
  0x000001932b312f3c: 48bf f029 | 6899 0000 | 0000 8b7f | 783b f70f | 8f08 0000 | 0048 8bf2 | e989 0200 | 004c 898c 
  0x000001932b312f5c: 2480 0000 | 004c 8944 | 2478 8b72 | 148b 7624 

  0x000001932b312f6c: ; implicit exception: dispatches to 0x000001932b31323a
  0x000001932b312f6c: 483b 0648 | 8bd6 0f1f 

  0x000001932b312f74: ;   {optimized virtual_call}
  0x000001932b312f74: 4400 00e8 

  0x000001932b312f78: ; ImmutableOopMap {[112]=Oop [128]=Oop [120]=Oop }
                      ;*invokevirtual isHidden {reexecute=0 rethrow=0 return_oop=0}
                      ; - jdk.internal.reflect.NativeMethodAccessorImpl::invoke@24 (line 57)
  0x000001932b312f78: 3c77 a7ff | 83f8 000f | 8417 0000 | 004c 8b8c | 2480 0000 | 004c 8b44 | 2478 488b | 7424 70e9 
  0x000001932b312f98: 4602 0000 | 488b 5424 | 708b 4210 | 83f8 000f | 8415 0000 | 004c 8b8c | 2480 0000 | 004c 8b44 
  0x000001932b312fb8: 2478 488b | f2e9 2002 | 0000 488d | 7210 b800 | 0000 00bf | 0100 0000 | f00f b13e | be01 0000 
  0x000001932b312fd8: 000f 8405 | 0000 00be | 0000 0000 | 83fe 000f | 8515 0000 | 004c 8b8c | 2480 0000 | 004c 8b44 
  0x000001932b312ff8: 2478 488b | f2e9 e001 | 0000 488b 

  0x000001932b313004: ;   {metadata('jdk/internal/reflect/MethodAccessorGenerator')}
  0x000001932b313004: da48 ba18 | 800f 0001 | 0000 0049 | 8b87 0801 | 0000 488d | b890 0000 | 0049 3bbf | 1801 0000 
  0x000001932b313024: 0f87 1502 | 0000 4989 | bf08 0100 | 0048 c700 | 0100 0000 | 488b ca48 | c1e9 0389 | 4808 4833 
  0x000001932b313044: c989 480c | 4833 c948 | bf10 0000 | 0000 0000 | 0048 894c | f808 48ff | cf75 f6ba | 1e00 0000 
  0x000001932b313064: 6689 506a | ba49 0000 | 0066 8950 | 6c8b 5314 

  0x000001932b313074: ; implicit exception: dispatches to 0x000001932b31324c
  0x000001932b313074: 8b72 248b | 7a28 8b52 | 3048 8984 | 2498 0000 | 0048 89bc | 2490 0000 | 0048 89b4 | 2488 0000 
  0x000001932b313094: 0048 b8d0 | 8505 0001 

  0x000001932b31309c: ;   {virtual_call}
  0x000001932b31309c: 0000 00e8 

  0x000001932b3130a0: ; ImmutableOopMap {[128]=Oop [120]=Oop [152]=Oop [112]=Oop [144]=Oop [136]=Oop }
                      ;*invokevirtual clone {reexecute=0 rethrow=0 return_oop=0}
                      ; - java.lang.reflect.Method::getParameterTypes@4 (line 314)
                      ; - jdk.internal.reflect.NativeMethodAccessorImpl::invoke@77 (line 65)
  0x000001932b3130a0: 7c88 a0ff | 4883 f800 | 0f84 2000 

  0x000001932b3130ac: ;   {metadata('java/lang/Class'[])}
  0x000001932b3130ac: 0000 48bb | d085 0500 | 0100 0000 | 8b78 0848 | c1e7 0348 | 3b5f 400f | 8588 0100 | 00e9 0000 
  0x000001932b3130cc: 0000 488b | f048 8b54 | 2470 8b7a | 148b 5f2c | 8b7f 3448 | 8bd7 4889 | 9c24 a800 | 0000 4889 
  0x000001932b3130ec: b424 a000 | 0000 6666 | 9048 b8d0 | 8505 0001 

  0x000001932b3130fc: ;   {virtual_call}
  0x000001932b3130fc: 0000 00e8 

  0x000001932b313100: ; ImmutableOopMap {[128]=Oop [120]=Oop [152]=Oop [144]=Oop [136]=Oop [112]=Oop [168]=Oop [160]=Oop }
                      ;*invokevirtual clone {reexecute=0 rethrow=0 return_oop=0}
                      ; - java.lang.reflect.Method::getExceptionTypes@4 (line 341)
                      ; - jdk.internal.reflect.NativeMethodAccessorImpl::invoke@91 (line 67)
  0x000001932b313100: 1c88 a0ff | 4883 f800 | 0f84 2100 

  0x000001932b31310c: ;   {metadata('java/lang/Class'[])}
  0x000001932b31310c: 0000 48bf | d085 0500 | 0100 0000 | 448b 4808 | 49c1 e103 | 493b 7940 | 0f85 3501 | 0000 e900 
  0x000001932b31312c: 0000 0048 | 8bc8 488b | 5424 7044 | 8b42 1441 | 8b58 204c | 8b84 2488 | 0000 004c | 8b8c 2490 
  0x000001932b31314c: 0000 0048 | 8bbc 24a0 | 0000 0048 | 8bb4 24a8 | 0000 0089 | 1c24 488b | 9424 9800 | 0000 0f1f 
  0x000001932b31316c: ;   {optimized virtual_call}
  0x000001932b31316c: 4400 00e8 

  0x000001932b313170: ; ImmutableOopMap {[128]=Oop [120]=Oop [112]=Oop }
                      ;*invokevirtual generateMethod {reexecute=0 rethrow=0 return_oop=0}
                      ; - jdk.internal.reflect.NativeMethodAccessorImpl::invoke@101 (line 63)
  0x000001932b313170: c101 0000 | 4883 f800 | 0f84 2100 

  0x000001932b31317c: ;   {metadata('jdk/internal/reflect/MethodAccessorImpl')}
  0x000001932b31317c: 0000 48be | 68a5 0400 | 0100 0000 | 448b 4808 | 49c1 e103 | 493b 7140 | 0f85 d300 | 0000 e900 
  0x000001932b31319c: 0000 0048 | 8bd0 488b | 7424 7044 | 8b46 1845 | 0fbe 4f38 | 4183 f900 | 0f85 bc00 | 0000 4c8b 
  0x000001932b3131bc: d245 8950 | 0c4d 8bc8 | 4c33 ca49 | c1e9 1449 | 83f9 000f | 85c2 0000 | 004c 8b8c | 2480 0000 
  0x000001932b3131dc: 004c 8b44 | 2478 8b56 

  0x000001932b3131e4: ;   {static_call}
  0x000001932b3131e4: 1466 90e8 

  0x000001932b3131e8: ; ImmutableOopMap {}
                      ;*invokestatic invoke0 {reexecute=0 rethrow=0 return_oop=0}
                      ; - jdk.internal.reflect.NativeMethodAccessorImpl::invoke@133 (line 77)
  0x000001932b3131e8: ccf7 ffff | 4881 c4c0 | 0000 005d 

  0x000001932b3131f4: ;   {poll_return}
  0x000001932b3131f4: 493b a750 | 0300 000f | 87ae 0000 | 00c3 488b | 7424 7049 | 8b87 e003 | 0000 4d33 | d24d 8997 
  0x000001932b313214: e003 0000 | 4d33 d24d | 8997 e803 | 0000 bf00 | 0000 0089 | 7e10 f083 | 4424 c000 | e9b4 0000 
  0x000001932b313234: ;   {runtime_call throw_null_pointer_exception Runtime1 stub}
  0x000001932b313234: 00e8 e6dd 

  0x000001932b313238: ; ImmutableOopMap {rdx=Oop [112]=Oop [128]=Oop [120]=Oop }
                      ;*invokevirtual getDeclaringClass {reexecute=0 rethrow=0 return_oop=0}
                      ; - jdk.internal.reflect.NativeMethodAccessorImpl::invoke@21 (line 57)
                      ;   {runtime_call throw_null_pointer_exception Runtime1 stub}
  0x000001932b313238: 98ff e8e1 

  0x000001932b31323c: ; ImmutableOopMap {rdx=Oop [112]=Oop [128]=Oop [120]=Oop rsi=Oop }
                      ;*invokevirtual isHidden {reexecute=0 rethrow=0 return_oop=0}
                      ; - jdk.internal.reflect.NativeMethodAccessorImpl::invoke@24 (line 57)
  0x000001932b31323c: dd98 ff48 

  0x000001932b313240: ;   {runtime_call fast_new_instance Runtime1 stub}
  0x000001932b313240: 8bd2 e8b9 

  0x000001932b313244: ; ImmutableOopMap {[128]=Oop [120]=Oop rbx=Oop [112]=Oop }
                      ;*new {reexecute=0 rethrow=0 return_oop=0}
                      ; - jdk.internal.reflect.NativeMethodAccessorImpl::invoke@52 (line 61)
  0x000001932b313244: e698 ffe9 | 13fe ffff 

  0x000001932b31324c: ;   {runtime_call throw_null_pointer_exception Runtime1 stub}
  0x000001932b31324c: e8cf dd98 

  0x000001932b313250: ; ImmutableOopMap {[128]=Oop [120]=Oop rbx=Oop [112]=Oop rax=Oop rdx=Oop }
                      ;*invokevirtual getDeclaringClass {reexecute=0 rethrow=0 return_oop=0}
                      ; - jdk.internal.reflect.NativeMethodAccessorImpl::invoke@63 (line 63)
  0x000001932b313250: ff48 8904 

  0x000001932b313254: ;   {runtime_call throw_class_cast_exception Runtime1 stub}
  0x000001932b313254: 24e8 c601 

  0x000001932b313258: ; ImmutableOopMap {[128]=Oop [120]=Oop [152]=Oop [112]=Oop [144]=Oop [136]=Oop }
                      ;*checkcast {reexecute=0 rethrow=0 return_oop=0}
                      ; - java.lang.reflect.Method::getParameterTypes@7 (line 314)
                      ; - jdk.internal.reflect.NativeMethodAccessorImpl::invoke@77 (line 65)
                      ;   {runtime_call throw_null_pointer_exception Runtime1 stub}
  0x000001932b313258: 99ff e8c1 

  0x000001932b31325c: ; ImmutableOopMap {[128]=Oop [120]=Oop [152]=Oop [144]=Oop [136]=Oop rsi=Oop rdx=Oop [112]=Oop rdi=Oop }
                      ;*invokevirtual getReturnType {reexecute=0 rethrow=0 return_oop=0}
                      ; - jdk.internal.reflect.NativeMethodAccessorImpl::invoke@84 (line 66)
  0x000001932b31325c: dd98 ff48 

  0x000001932b313260: ;   {runtime_call throw_class_cast_exception Runtime1 stub}
  0x000001932b313260: 8904 24e8 

  0x000001932b313264: ; ImmutableOopMap {[128]=Oop [120]=Oop [152]=Oop [144]=Oop [136]=Oop [112]=Oop [168]=Oop [160]=Oop }
                      ;*checkcast {reexecute=0 rethrow=0 return_oop=0}
                      ; - java.lang.reflect.Method::getExceptionTypes@7 (line 341)
                      ; - jdk.internal.reflect.NativeMethodAccessorImpl::invoke@91 (line 67)
  0x000001932b313264: b801 99ff 

  0x000001932b313268: ;   {runtime_call throw_null_pointer_exception Runtime1 stub}
  0x000001932b313268: e8b3 dd98 

  0x000001932b31326c: ; ImmutableOopMap {[128]=Oop [120]=Oop [152]=Oop [144]=Oop [136]=Oop [168]=Oop [160]=Oop rcx=Oop rdx=Oop [112]=Oop }
                      ;*invokevirtual getModifiers {reexecute=0 rethrow=0 return_oop=0}
                      ; - jdk.internal.reflect.NativeMethodAccessorImpl::invoke@98 (line 68)
  0x000001932b31326c: ff48 8904 

  0x000001932b313270: ;   {runtime_call throw_class_cast_exception Runtime1 stub}
  0x000001932b313270: 24e8 aa01 

  0x000001932b313274: ; ImmutableOopMap {[128]=Oop [120]=Oop [112]=Oop }
                      ;*checkcast {reexecute=0 rethrow=0 return_oop=0}
                      ; - jdk.internal.reflect.NativeMethodAccessorImpl::invoke@104 (line 63)
  0x000001932b313274: 99ff 458b | 480c 4983 | f900 0f84 | 36ff ffff | 4c89 0c24 

  0x000001932b313288: ;   {runtime_call g1_pre_barrier_slow}
  0x000001932b313288: e873 3499 | ffe9 28ff 

  0x000001932b313290: ;   {runtime_call throw_null_pointer_exception Runtime1 stub}
  0x000001932b313290: ffff e889 

  0x000001932b313294: ; ImmutableOopMap {[128]=Oop [120]=Oop rdx=Oop rsi=Oop [112]=Oop r8=Oop }
                      ;*invokevirtual setDelegate {reexecute=0 rethrow=0 return_oop=0}
                      ; - jdk.internal.reflect.NativeMethodAccessorImpl::invoke@113 (line 69)
  0x000001932b313294: dd98 ff48 | 83fa 000f | 8434 ffff | ff4c 8904 

  0x000001932b3132a4: ;   {runtime_call g1_post_barrier_slow}
  0x000001932b3132a4: 24e8 5637 | 99ff e926 

  0x000001932b3132ac: ;   {internal_word}
  0x000001932b3132ac: ffff ff49 | baf4 3131 | 2b93 0100 | 004d 8997 | 6803 0000 

  0x000001932b3132c0: ;   {runtime_call SafepointBlob}
  0x000001932b3132c0: e93b 478f 

  0x000001932b3132c4: ;   {runtime_call throw_null_pointer_exception Runtime1 stub}
  0x000001932b3132c4: ffe8 56dd 

  0x000001932b3132c8: ; ImmutableOopMap {[128]=Oop [120]=Oop rdx=Oop rsi=Oop [112]=Oop r8=Oop }
                      ;*invokevirtual setDelegate {reexecute=0 rethrow=0 return_oop=0}
                      ; - jdk.internal.reflect.NativeMethodAccessorImpl::invoke@113 (line 69)
  0x000001932b3132c8: 98ff 9090 | 498b 87e0 | 0300 0049 | c787 e003 | 0000 0000 | 0000 49c7 | 87e8 0300 | 0000 0000 
  0x000001932b3132e8: 0048 81c4 | c000 0000 

  0x000001932b3132f0: ;   {runtime_call unwind_exception Runtime1 stub}
  0x000001932b3132f0: 5de9 0ace | 98ff f4f4 | f4f4 f4f4 | f4f4 f4f4 
[Stub Code]
  0x000001932b313300: ;   {no_reloc}
  0x000001932b313300: 0f1f 4400 

  0x000001932b313304: ;   {static_stub}
  0x000001932b313304: 0048 bb00 | 0000 0000 

  0x000001932b31330c: ;   {runtime_call}
  0x000001932b31330c: 0000 00e9 | fbff ffff 

  0x000001932b313314: ;   {static_stub}
  0x000001932b313314: 9048 bb00 | 0000 0000 

  0x000001932b31331c: ;   {runtime_call}
  0x000001932b31331c: 0000 00e9 | fbff ffff 

  0x000001932b313324: ;   {static_stub}
  0x000001932b313324: 9048 bb00 | 0000 0000 

  0x000001932b31332c: ;   {runtime_call}
  0x000001932b31332c: 0000 00e9 | fbff ffff 

  0x000001932b313334: ;   {static_stub}
  0x000001932b313334: 9048 bb40 | 5881 3493 

  0x000001932b31333c: ;   {runtime_call I2C/C2I adapters}
  0x000001932b31333c: 0100 00e9 | ade1 9aff 

  0x000001932b313344: ;   {static_stub}
  0x000001932b313344: 9048 bb00 | 0000 0000 

  0x000001932b31334c: ;   {runtime_call}
  0x000001932b31334c: 0000 00e9 | fbff ffff 
[Exception Handler]
  0x000001932b313354: ;   {runtime_call handle_exception_from_callee Runtime1 stub}
  0x000001932b313354: e8a7 fa98 

  0x000001932b313358: ;   {external_word}
  0x000001932b313358: ff48 b940 | 9aae 0efd | 7f00 0048 

  0x000001932b313364: ;   {runtime_call}
  0x000001932b313364: 83e4 f049 | ba60 2d77 | 0efd 7f00 | 0041 ffd2 

  0x000001932b313374: ;   {section_word}
  0x000001932b313374: f449 ba75 | 3331 2b93 | 0100 0041 

  0x000001932b313380: ;   {runtime_call DeoptimizationBlob}
  0x000001932b313380: 52e9 1a39 | 8fff f4f4 
[/MachCode]


Compiled method (c1)  359064 3719       1       jdk.internal.reflect.DelegatingMethodAccessorImpl::invoke (10 bytes)
 total in heap  [0x000001932b2f5690,0x000001932b2f5958] = 712
 relocation     [0x000001932b2f57e8,0x000001932b2f5820] = 56
 main code      [0x000001932b2f5820,0x000001932b2f58c0] = 160
 stub code      [0x000001932b2f58c0,0x000001932b2f5908] = 72
 metadata       [0x000001932b2f5908,0x000001932b2f5910] = 8
 scopes data    [0x000001932b2f5910,0x000001932b2f5920] = 16
 scopes pcs     [0x000001932b2f5920,0x000001932b2f5950] = 48
 dependencies   [0x000001932b2f5950,0x000001932b2f5958] = 8

[Constant Pool (empty)]

[MachCode]
[Entry Point]
  # {method} {0x000001933431f728} 'invoke' '(Ljava/lang/Object;[Ljava/lang/Object;)Ljava/lang/Object;' in 'jdk/internal/reflect/DelegatingMethodAccessorImpl'
  # this:     rdx:rdx   = 'jdk/internal/reflect/DelegatingMethodAccessorImpl'
  # parm0:    r8:r8     = 'java/lang/Object'
  # parm1:    r9:r9     = '[Ljava/lang/Object;'
  #           [sp+0x40]  (sp of caller)
  0x000001932b2f5820: 448b 5208 | 49c1 e203 

  0x000001932b2f5828: ;   {runtime_call ic_miss_stub}
  0x000001932b2f5828: 4c3b d00f | 854f b890 | ff66 6666 | 0f1f 8400 | 0000 0000 | 6666 6690 
[Verified Entry Point]
  0x000001932b2f5840: 8984 2400 | 90ff ff55 | 4883 ec30 | 8b52 0c66 | 0f1f 4400 | 0048 b8ff | ffff ffff 

  0x000001932b2f585c: ;   {virtual_call}
  0x000001932b2f585c: ffff ffe8 

  0x000001932b2f5860: ; ImmutableOopMap {}
                      ;*invokevirtual invoke {reexecute=0 rethrow=0 return_oop=0}
                      ; - jdk.internal.reflect.DelegatingMethodAccessorImpl::invoke@6 (line 43)
  0x000001932b2f5860: 3453 9bff | 4883 c430 

  0x000001932b2f5868: ;   {poll_return}
  0x000001932b2f5868: 5d49 3ba7 | 5003 0000 | 0f87 0100 

  0x000001932b2f5874: ;   {internal_word}
  0x000001932b2f5874: 0000 c349 | ba69 582f | 2b93 0100 | 004d 8997 | 6803 0000 

  0x000001932b2f5888: ;   {runtime_call SafepointBlob}
  0x000001932b2f5888: e973 2191 | ff90 9049 | 8b87 e003 | 0000 49c7 | 87e0 0300 | 0000 0000 | 0049 c787 | e803 0000 
  0x000001932b2f58a8: 0000 0000 | 4883 c430 

  0x000001932b2f58b0: ;   {runtime_call unwind_exception Runtime1 stub}
  0x000001932b2f58b0: 5de9 4aa8 | 9aff f4f4 | f4f4 f4f4 | f4f4 f4f4 
[Stub Code]
  0x000001932b2f58c0: ;   {no_reloc}
  0x000001932b2f58c0: 0f1f 4400 

  0x000001932b2f58c4: ;   {static_stub}
  0x000001932b2f58c4: 0048 bb00 | 0000 0000 

  0x000001932b2f58cc: ;   {runtime_call}
  0x000001932b2f58cc: 0000 00e9 | fbff ffff 
[Exception Handler]
  0x000001932b2f58d4: ;   {runtime_call handle_exception_from_callee Runtime1 stub}
  0x000001932b2f58d4: e827 d59a 

  0x000001932b2f58d8: ;   {external_word}
  0x000001932b2f58d8: ff48 b940 | 9aae 0efd | 7f00 0048 

  0x000001932b2f58e4: ;   {runtime_call}
  0x000001932b2f58e4: 83e4 f049 | ba60 2d77 | 0efd 7f00 | 0041 ffd2 

  0x000001932b2f58f4: ;   {section_word}
  0x000001932b2f58f4: f449 baf5 | 582f 2b93 | 0100 0041 

  0x000001932b2f5900: ;   {runtime_call DeoptimizationBlob}
  0x000001932b2f5900: 52e9 9a13 | 91ff f4f4 
[/MachCode]


---------------  P R O C E S S  ---------------

Threads class SMR info:
_java_thread_list=0x0000019339ec6160, length=34, elements={
0x0000019333f7e010, 0x0000019333f7f860, 0x0000019333fa6010, 0x0000019333fa6a40,
0x00000193380f2090, 0x00000193380f2960, 0x00000193380f3230, 0x0000019333face70,
0x00000193381d63c0, 0x00000193382a9dc0, 0x000001933878a310, 0x000001933878a970,
0x0000019338846190, 0x000001933877d330, 0x000001933877d810, 0x0000019338872b40,
0x0000019338873560, 0x0000019338872630, 0x0000019338873a70, 0x0000019338872120,
0x0000019338874490, 0x0000019338873f80, 0x00000193388749a0, 0x00000193388711f0,
0x0000019339fcb3e0, 0x0000019339fca9c0, 0x0000019339fca4b0, 0x0000019339fcfac0,
0x0000019339fcd750, 0x0000019339fcdc60, 0x0000019339fcaed0, 0x0000019339fcffd0,
0x0000019339fd04e0, 0x0000019339fce680
}

Java Threads: ( => current thread )
  0x0000019333f7e010 JavaThread "Reference Handler" daemon [_thread_blocked, id=6092, stack(0x0000008463600000,0x0000008463700000)]
  0x0000019333f7f860 JavaThread "Finalizer" daemon [_thread_blocked, id=5488, stack(0x0000008463700000,0x0000008463800000)]
  0x0000019333fa6010 JavaThread "Signal Dispatcher" daemon [_thread_blocked, id=5448, stack(0x0000008463800000,0x0000008463900000)]
  0x0000019333fa6a40 JavaThread "Attach Listener" daemon [_thread_blocked, id=5444, stack(0x0000008463900000,0x0000008463a00000)]
  0x00000193380f2090 JavaThread "Service Thread" daemon [_thread_blocked, id=5500, stack(0x0000008463a00000,0x0000008463b00000)]
  0x00000193380f2960 JavaThread "Monitor Deflation Thread" daemon [_thread_blocked, id=5520, stack(0x0000008463b00000,0x0000008463c00000)]
  0x00000193380f3230 JavaThread "C1 CompilerThread0" daemon [_thread_blocked, id=5556, stack(0x0000008463c00000,0x0000008463d00000)]
  0x0000019333face70 JavaThread "Sweeper thread" daemon [_thread_blocked, id=5284, stack(0x0000008463d00000,0x0000008463e00000)]
  0x00000193381d63c0 JavaThread "Common-Cleaner" daemon [_thread_blocked, id=5400, stack(0x0000008463e00000,0x0000008463f00000)]
  0x00000193382a9dc0 JavaThread "Notification Thread" daemon [_thread_blocked, id=5404, stack(0x0000008463f00000,0x0000008464000000)]
  0x000001933878a310 JavaThread "RMI TCP Accept-0" daemon [_thread_in_native, id=5396, stack(0x0000008464100000,0x0000008464200000)]
  0x000001933878a970 JavaThread "RMI TCP Accept-49730" daemon [_thread_in_native, id=5424, stack(0x0000008464200000,0x0000008464300000)]
  0x0000019338846190 JavaThread "RMI TCP Accept-0" daemon [_thread_in_native, id=5408, stack(0x0000008464300000,0x0000008464400000)]
  0x000001933877d330 JavaThread "RMI TCP Connection(idle)" daemon [_thread_blocked, id=6528, stack(0x0000008464600000,0x0000008464700000)]
  0x000001933877d810 JavaThread "RMI Scheduler(0)" daemon [_thread_blocked, id=6512, stack(0x0000008464700000,0x0000008464800000)]
  0x0000019338872b40 JavaThread "JMX server connection timeout 20" daemon [_thread_blocked, id=6464, stack(0x0000008464800000,0x0000008464900000)]
  0x0000019338873560 JavaThread "Catalina-utility-1" [_thread_blocked, id=5176, stack(0x0000008464e00000,0x0000008464f00000)]
  0x0000019338872630 JavaThread "Catalina-utility-2" [_thread_blocked, id=4916, stack(0x0000008464f00000,0x0000008465000000)]
  0x0000019338873a70 JavaThread "container-0" [_thread_blocked, id=1940, stack(0x0000008465000000,0x0000008465100000)]
  0x0000019338872120 JavaThread "File Watcher" daemon [_thread_blocked, id=1928, stack(0x0000008465100000,0x0000008465200000)]
  0x0000019338874490 JavaThread "Live Reload Server" daemon [_thread_in_native, id=6536, stack(0x0000008465300000,0x0000008465400000)]
  0x0000019338873f80 JavaThread "http-nio-8080-exec-1" daemon [_thread_blocked, id=2024, stack(0x0000008465400000,0x0000008465500000)]
=>0x00000193388749a0 JavaThread "http-nio-8080-exec-2" daemon [_thread_in_native, id=2028, stack(0x0000008465500000,0x0000008465600000)]
  0x00000193388711f0 JavaThread "http-nio-8080-exec-3" daemon [_thread_blocked, id=1232, stack(0x0000008465600000,0x0000008465700000)]
  0x0000019339fcb3e0 JavaThread "http-nio-8080-exec-4" daemon [_thread_blocked, id=1516, stack(0x0000008465700000,0x0000008465800000)]
  0x0000019339fca9c0 JavaThread "http-nio-8080-exec-5" daemon [_thread_blocked, id=2156, stack(0x0000008465800000,0x0000008465900000)]
  0x0000019339fca4b0 JavaThread "http-nio-8080-exec-6" daemon [_thread_blocked, id=2208, stack(0x0000008465900000,0x0000008465a00000)]
  0x0000019339fcfac0 JavaThread "http-nio-8080-exec-7" daemon [_thread_blocked, id=2160, stack(0x0000008465a00000,0x0000008465b00000)]
  0x0000019339fcd750 JavaThread "http-nio-8080-exec-8" daemon [_thread_blocked, id=2216, stack(0x0000008465b00000,0x0000008465c00000)]
  0x0000019339fcdc60 JavaThread "http-nio-8080-exec-9" daemon [_thread_blocked, id=2220, stack(0x0000008465c00000,0x0000008465d00000)]
  0x0000019339fcaed0 JavaThread "http-nio-8080-exec-10" daemon [_thread_blocked, id=2164, stack(0x0000008465d00000,0x0000008465e00000)]
  0x0000019339fcffd0 JavaThread "http-nio-8080-Poller" daemon [_thread_in_native, id=2228, stack(0x0000008465e00000,0x0000008465f00000)]
  0x0000019339fd04e0 JavaThread "http-nio-8080-Acceptor" daemon [_thread_in_native, id=2184, stack(0x0000008465f00000,0x0000008466000000)]
  0x0000019339fce680 JavaThread "DestroyJavaVM" [_thread_blocked, id=6120, stack(0x0000008462f00000,0x0000008463000000)]

Other Threads:
  0x0000019333f5ca40 VMThread "VM Thread" [stack: 0x0000008463500000,0x0000008463600000] [id=6100]
  0x0000019325d89420 WatcherThread [stack: 0x0000008464400000,0x0000008464500000] [id=5428]
  0x0000019325dd8f10 GCTaskThread "GC Thread#0" [stack: 0x0000008463000000,0x0000008463100000] [id=6096]
  0x00000193386e9ec0 GCTaskThread "GC Thread#1" [stack: 0x0000008464000000,0x0000008464100000] [id=5412]
  0x0000019325de6af0 ConcurrentGCThread "G1 Main Marker" [stack: 0x0000008463100000,0x0000008463200000] [id=6484]
  0x0000019325de7420 ConcurrentGCThread "G1 Conc#0" [stack: 0x0000008463200000,0x0000008463300000] [id=6104]
  0x0000019325e328c0 ConcurrentGCThread "G1 Refine#0" [stack: 0x0000008463300000,0x0000008463400000] [id=6108]
  0x0000019333dc10a0 ConcurrentGCThread "G1 Service" [stack: 0x0000008463400000,0x0000008463500000] [id=6112]

Threads with active compile tasks:

VM state: not at safepoint (normal execution)

VM Mutex/Monitor currently owned by a thread: None

Heap address: 0x0000000099400000, size: 1644 MB, Compressed Oops mode: 32-bit

CDS archive(s) not mapped
Compressed class space mapped at: 0x0000000100000000-0x0000000140000000, reserved size: 1073741824
Narrow klass base: 0x0000000000000000, Narrow klass shift: 3, Narrow klass range: 0x140000000

GC Precious Log:
 CPUs: 2 total, 2 available
 Memory: 6571M
 Large Page Support: Disabled
 NUMA Support: Disabled
 Compressed Oops: Enabled (32-bit)
 Heap Region Size: 1M
 Heap Min Capacity: 8M
 Heap Initial Capacity: 104M
 Heap Max Capacity: 1644M
 Pre-touch: Disabled
 Parallel Workers: 2
 Concurrent Workers: 1
 Concurrent Refinement Workers: 2
 Periodic GC: Disabled

Heap:
 garbage-first heap   total 51200K, used 32467K [0x0000000099400000, 0x0000000100000000)
  region size 1024K, 18 young (18432K), 2 survivors (2048K)
 Metaspace       used 44544K, committed 45056K, reserved 1114112K
  class space    used 5727K, committed 5952K, reserved 1048576K

Heap Regions: E=young(eden), S=young(survivor), O=old, HS=humongous(starts), HC=humongous(continues), CS=collection set, F=free, OA=open archive, CA=closed archive, TAMS=top-at-mark-start (previous, next)
|   0|0x0000000099400000, 0x0000000099500000, 0x0000000099500000|100%| O|  |TAMS 0x0000000099500000, 0x0000000099400000| Untracked 
|   1|0x0000000099500000, 0x0000000099600000, 0x0000000099600000|100%| O|  |TAMS 0x0000000099600000, 0x0000000099500000| Untracked 
|   2|0x0000000099600000, 0x0000000099700000, 0x0000000099700000|100%| O|  |TAMS 0x0000000099700000, 0x0000000099600000| Untracked 
|   3|0x0000000099700000, 0x0000000099800000, 0x0000000099800000|100%| O|  |TAMS 0x0000000099800000, 0x0000000099700000| Untracked 
|   4|0x0000000099800000, 0x0000000099900000, 0x0000000099900000|100%| O|  |TAMS 0x0000000099900000, 0x0000000099800000| Untracked 
|   5|0x0000000099900000, 0x0000000099a00000, 0x0000000099a00000|100%| O|  |TAMS 0x0000000099a00000, 0x0000000099900000| Untracked 
|   6|0x0000000099a00000, 0x0000000099b00000, 0x0000000099b00000|100%| O|  |TAMS 0x0000000099b00000, 0x0000000099a00000| Untracked 
|   7|0x0000000099b00000, 0x0000000099c00000, 0x0000000099c00000|100%| O|  |TAMS 0x0000000099c00000, 0x0000000099b00000| Untracked 
|   8|0x0000000099c00000, 0x0000000099d00000, 0x0000000099d00000|100%| O|  |TAMS 0x0000000099d00000, 0x0000000099c00000| Untracked 
|   9|0x0000000099d00000, 0x0000000099e00000, 0x0000000099e00000|100%| O|  |TAMS 0x0000000099e00000, 0x0000000099d00000| Untracked 
|  10|0x0000000099e00000, 0x0000000099f00000, 0x0000000099f00000|100%| O|  |TAMS 0x0000000099e76600, 0x0000000099e00000| Untracked 
|  11|0x0000000099f00000, 0x000000009a000000, 0x000000009a000000|100%| O|  |TAMS 0x0000000099f00000, 0x0000000099f00000| Untracked 
|  12|0x000000009a000000, 0x000000009a083800, 0x000000009a100000| 51%| O|  |TAMS 0x000000009a000000, 0x000000009a000000| Untracked 
|  13|0x000000009a100000, 0x000000009a200000, 0x000000009a200000|100%| O|  |TAMS 0x000000009a100000, 0x000000009a100000| Untracked 
|  14|0x000000009a200000, 0x000000009a300000, 0x000000009a300000|100%| O|  |TAMS 0x000000009a200000, 0x000000009a200000| Untracked 
|  15|0x000000009a300000, 0x000000009a3b8600, 0x000000009a400000| 72%| O|  |TAMS 0x000000009a300000, 0x000000009a300000| Untracked 
|  16|0x000000009a400000, 0x000000009a400000, 0x000000009a500000|  0%| F|  |TAMS 0x000000009a400000, 0x000000009a400000| Untracked 
|  17|0x000000009a500000, 0x000000009a500000, 0x000000009a600000|  0%| F|  |TAMS 0x000000009a500000, 0x000000009a500000| Untracked 
|  18|0x000000009a600000, 0x000000009a600000, 0x000000009a700000|  0%| F|  |TAMS 0x000000009a600000, 0x000000009a600000| Untracked 
|  19|0x000000009a700000, 0x000000009a700000, 0x000000009a800000|  0%| F|  |TAMS 0x000000009a700000, 0x000000009a700000| Untracked 
|  20|0x000000009a800000, 0x000000009a800000, 0x000000009a900000|  0%| F|  |TAMS 0x000000009a800000, 0x000000009a800000| Untracked 
|  21|0x000000009a900000, 0x000000009a900000, 0x000000009aa00000|  0%| F|  |TAMS 0x000000009a900000, 0x000000009a900000| Untracked 
|  22|0x000000009aa00000, 0x000000009aa00000, 0x000000009ab00000|  0%| F|  |TAMS 0x000000009aa00000, 0x000000009aa00000| Untracked 
|  23|0x000000009ab00000, 0x000000009ab00000, 0x000000009ac00000|  0%| F|  |TAMS 0x000000009ab00000, 0x000000009ab00000| Untracked 
|  24|0x000000009ac00000, 0x000000009ac00000, 0x000000009ad00000|  0%| F|  |TAMS 0x000000009ac00000, 0x000000009ac00000| Untracked 
|  25|0x000000009ad00000, 0x000000009ad78f98, 0x000000009ae00000| 47%| S|CS|TAMS 0x000000009ad00000, 0x000000009ad00000| Complete 
|  26|0x000000009ae00000, 0x000000009af00000, 0x000000009af00000|100%| S|CS|TAMS 0x000000009ae00000, 0x000000009ae00000| Complete 
|  27|0x000000009af00000, 0x000000009af00000, 0x000000009b000000|  0%| F|  |TAMS 0x000000009af00000, 0x000000009af00000| Untracked 
|  28|0x000000009b000000, 0x000000009b000000, 0x000000009b100000|  0%| F|  |TAMS 0x000000009b000000, 0x000000009b000000| Untracked 
|  29|0x000000009b100000, 0x000000009b100000, 0x000000009b200000|  0%| F|  |TAMS 0x000000009b100000, 0x000000009b100000| Untracked 
|  30|0x000000009b200000, 0x000000009b200000, 0x000000009b300000|  0%| F|  |TAMS 0x000000009b200000, 0x000000009b200000| Untracked 
|  31|0x000000009b300000, 0x000000009b300000, 0x000000009b400000|  0%| F|  |TAMS 0x000000009b300000, 0x000000009b300000| Untracked 
|  32|0x000000009b400000, 0x000000009b400000, 0x000000009b500000|  0%| F|  |TAMS 0x000000009b400000, 0x000000009b400000| Untracked 
|  33|0x000000009b500000, 0x000000009b500000, 0x000000009b600000|  0%| F|  |TAMS 0x000000009b500000, 0x000000009b500000| Untracked 
|  34|0x000000009b600000, 0x000000009b622da8, 0x000000009b700000| 13%| E|  |TAMS 0x000000009b600000, 0x000000009b600000| Complete 
|  35|0x000000009b700000, 0x000000009b800000, 0x000000009b800000|100%| E|CS|TAMS 0x000000009b700000, 0x000000009b700000| Complete 
|  36|0x000000009b800000, 0x000000009b900000, 0x000000009b900000|100%| E|CS|TAMS 0x000000009b800000, 0x000000009b800000| Complete 
|  37|0x000000009b900000, 0x000000009ba00000, 0x000000009ba00000|100%| E|CS|TAMS 0x000000009b900000, 0x000000009b900000| Complete 
|  38|0x000000009ba00000, 0x000000009bb00000, 0x000000009bb00000|100%| E|CS|TAMS 0x000000009ba00000, 0x000000009ba00000| Complete 
|  39|0x000000009bb00000, 0x000000009bc00000, 0x000000009bc00000|100%| E|CS|TAMS 0x000000009bb00000, 0x000000009bb00000| Complete 
|  40|0x000000009bc00000, 0x000000009bd00000, 0x000000009bd00000|100%| E|CS|TAMS 0x000000009bc00000, 0x000000009bc00000| Complete 
|  41|0x000000009bd00000, 0x000000009be00000, 0x000000009be00000|100%| E|CS|TAMS 0x000000009bd00000, 0x000000009bd00000| Complete 
|  42|0x000000009be00000, 0x000000009bf00000, 0x000000009bf00000|100%| E|CS|TAMS 0x000000009be00000, 0x000000009be00000| Complete 
|  43|0x000000009bf00000, 0x000000009c000000, 0x000000009c000000|100%| E|CS|TAMS 0x000000009bf00000, 0x000000009bf00000| Complete 
|  44|0x000000009c000000, 0x000000009c100000, 0x000000009c100000|100%| E|CS|TAMS 0x000000009c000000, 0x000000009c000000| Complete 
|  45|0x000000009c100000, 0x000000009c200000, 0x000000009c200000|100%| E|CS|TAMS 0x000000009c100000, 0x000000009c100000| Complete 
|  46|0x000000009c200000, 0x000000009c300000, 0x000000009c300000|100%| E|CS|TAMS 0x000000009c200000, 0x000000009c200000| Complete 
|  47|0x000000009c300000, 0x000000009c400000, 0x000000009c400000|100%| E|CS|TAMS 0x000000009c300000, 0x000000009c300000| Complete 
|  71|0x000000009db00000, 0x000000009dc00000, 0x000000009dc00000|100%| E|CS|TAMS 0x000000009db00000, 0x000000009db00000| Complete 
| 103|0x000000009fb00000, 0x000000009fc00000, 0x000000009fc00000|100%| E|CS|TAMS 0x000000009fb00000, 0x000000009fb00000| Complete 

Card table byte_map: [0x000001932e170000,0x000001932e4b0000] _byte_map_base: 0x000001932dca6000

Marking Bits (Prev, Next): (CMBitMap*) 0x0000019325dd9440, (CMBitMap*) 0x0000019325dd9480
 Prev Bits: [0x000001932e7f0000, 0x00000193301a0000)
 Next Bits: [0x00000193301a0000, 0x0000019331b50000)

Polling page: 0x0000019325b40000

Metaspace:

Usage:
  Non-class:     37.91 MB used.
      Class:      5.59 MB used.
       Both:     43.50 MB used.

Virtual space:
  Non-class space:       64.00 MB reserved,      38.19 MB ( 60%) committed,  1 nodes.
      Class space:        1.00 GB reserved,       5.81 MB ( <1%) committed,  1 nodes.
             Both:        1.06 GB reserved,      44.00 MB (  4%) committed. 

Chunk freelists:
   Non-Class:  9.75 MB
       Class:  10.09 MB
        Both:  19.84 MB

MaxMetaspaceSize: unlimited
CompressedClassSpaceSize: 1.00 GB
Initial GC threshold: 21.00 MB
Current GC threshold: 58.69 MB
CDS: off
MetaspaceReclaimPolicy: balanced
 - commit_granule_bytes: 65536.
 - commit_granule_words: 8192.
 - virtual_space_node_default_size: 8388608.
 - enlarge_chunks_in_place: 1.
 - new_chunks_are_fully_committed: 0.
 - uncommit_free_chunks: 1.
 - use_allocation_guard: 0.
 - handle_deallocations: 1.


Internal statistics:

num_allocs_failed_limit: 8.
num_arena_births: 680.
num_arena_deaths: 0.
num_vsnodes_births: 2.
num_vsnodes_deaths: 0.
num_space_committed: 704.
num_space_uncommitted: 0.
num_chunks_returned_to_freelist: 8.
num_chunks_taken_from_freelist: 1936.
num_chunk_merges: 8.
num_chunk_splits: 1338.
num_chunks_enlarged: 947.
num_inconsistent_stats: 0.

CodeCache: size=49152Kb used=8000Kb max_used=8228Kb free=41151Kb
 bounds [0x000001932abb0000, 0x000001932b3f0000, 0x000001932dbb0000]
 total_blobs=5037 nmethods=4484 adapters=480
 compilation: enabled
              stopped_count=0, restarted_count=0
 full_count=0

Compilation events (20 events):
Event: 358.741 Thread 0x00000193380f3230 4472       1       org.apache.tomcat.util.buf.MessageBytes::setBytes (26 bytes)
Event: 358.742 Thread 0x00000193380f3230 nmethod 4472 0x000001932b3d5710 code [0x000001932b3d58a0, 0x000001932b3d59d8]
Event: 358.742 Thread 0x00000193380f3230 4474       1       java.lang.Object::<init> (1 bytes)
Event: 358.742 Thread 0x00000193380f3230 nmethod 4474 0x000001932b3d5410 code [0x000001932b3d55a0, 0x000001932b3d5678]
Event: 358.742 Thread 0x00000193380f3230 4475       1       org.apache.coyote.http11.Http11InputBuffer::parseHeader (1001 bytes)
Event: 358.744 Thread 0x00000193380f3230 nmethod 4475 0x000001932b3d3110 code [0x000001932b3d3540, 0x000001932b3d4908]
Event: 358.744 Thread 0x00000193380f3230 4476       1       java.util.concurrent.ConcurrentHashMap::<init> (73 bytes)
Event: 358.744 Thread 0x00000193380f3230 nmethod 4476 0x000001932b3d2c10 code [0x000001932b3d2de0, 0x000001932b3d3018]
Event: 358.744 Thread 0x00000193380f3230 4473       1       org.apache.tomcat.util.buf.AbstractChunk::<init> (20 bytes)
Event: 358.744 Thread 0x00000193380f3230 nmethod 4473 0x000001932b3d2910 code [0x000001932b3d2aa0, 0x000001932b3d2b78]
Event: 358.761 Thread 0x00000193380f3230 4477       1       org.apache.tomcat.util.buf.MessageBytes::setString (33 bytes)
Event: 358.761 Thread 0x00000193380f3230 nmethod 4477 0x000001932b3d2590 code [0x000001932b3d2720, 0x000001932b3d2878]
Event: 358.761 Thread 0x00000193380f3230 4478       1       org.springframework.util.MimeType::checkToken (48 bytes)
Event: 358.762 Thread 0x00000193380f3230 nmethod 4478 0x000001932b3d1e10 code [0x000001932b3d1fe0, 0x000001932b3d2348]
Event: 358.762 Thread 0x00000193380f3230 4481       1       org.springframework.core.convert.TypeDescriptor::equals (132 bytes)
Event: 358.765 Thread 0x00000193380f3230 nmethod 4481 0x000001932b3cfd90 code [0x000001932b3d01a0, 0x000001932b3d1378]
Event: 358.765 Thread 0x00000193380f3230 4480       1       org.springframework.util.MultiValueMapAdapter::getFirst (39 bytes)
Event: 358.766 Thread 0x00000193380f3230 nmethod 4480 0x000001932b3cf910 code [0x000001932b3cfac0, 0x000001932b3cfc88]
Event: 358.766 Thread 0x00000193380f3230 4479       1       org.apache.coyote.Response::getContentLengthLong (5 bytes)
Event: 358.766 Thread 0x00000193380f3230 nmethod 4479 0x000001932b3cf610 code [0x000001932b3cf7a0, 0x000001932b3cf878]

GC Heap History (20 events):
Event: 5.085 GC heap before
{Heap before GC invocations=3 (full 0):
 garbage-first heap   total 106496K, used 35117K [0x0000000099400000, 0x0000000100000000)
  region size 1024K, 31 young (31744K), 1 survivors (1024K)
 Metaspace       used 21271K, committed 21504K, reserved 1114112K
  class space    used 2498K, committed 2624K, reserved 1048576K
}
Event: 5.108 GC heap after
{Heap after GC invocations=4 (full 0):
 garbage-first heap   total 106496K, used 7169K [0x0000000099400000, 0x0000000100000000)
  region size 1024K, 3 young (3072K), 3 survivors (3072K)
 Metaspace       used 21271K, committed 21504K, reserved 1114112K
  class space    used 2498K, committed 2624K, reserved 1048576K
}
Event: 5.673 GC heap before
{Heap before GC invocations=5 (full 0):
 garbage-first heap   total 30720K, used 22529K [0x0000000099400000, 0x0000000100000000)
  region size 1024K, 18 young (18432K), 3 survivors (3072K)
 Metaspace       used 24320K, committed 24576K, reserved 1114112K
  class space    used 2994K, committed 3136K, reserved 1048576K
}
Event: 5.703 GC heap after
{Heap after GC invocations=6 (full 0):
 garbage-first heap   total 30720K, used 8028K [0x0000000099400000, 0x0000000100000000)
  region size 1024K, 1 young (1024K), 1 survivors (1024K)
 Metaspace       used 24320K, committed 24576K, reserved 1114112K
  class space    used 2994K, committed 3136K, reserved 1048576K
}
Event: 5.726 GC heap before
{Heap before GC invocations=6 (full 0):
 garbage-first heap   total 30720K, used 8028K [0x0000000099400000, 0x0000000100000000)
  region size 1024K, 2 young (2048K), 1 survivors (1024K)
 Metaspace       used 24523K, committed 24768K, reserved 1114112K
  class space    used 3006K, committed 3136K, reserved 1048576K
}
Event: 5.736 GC heap after
{Heap after GC invocations=7 (full 0):
 garbage-first heap   total 36864K, used 8164K [0x0000000099400000, 0x0000000100000000)
  region size 1024K, 1 young (1024K), 1 survivors (1024K)
 Metaspace       used 24523K, committed 24768K, reserved 1114112K
  class space    used 3006K, committed 3136K, reserved 1048576K
}
Event: 6.228 GC heap before
{Heap before GC invocations=7 (full 0):
 garbage-first heap   total 36864K, used 24548K [0x0000000099400000, 0x0000000100000000)
  region size 1024K, 17 young (17408K), 1 survivors (1024K)
 Metaspace       used 28429K, committed 28736K, reserved 1114112K
  class space    used 3455K, committed 3584K, reserved 1048576K
}
Event: 6.232 GC heap after
{Heap after GC invocations=8 (full 0):
 garbage-first heap   total 36864K, used 9382K [0x0000000099400000, 0x0000000100000000)
  region size 1024K, 2 young (2048K), 2 survivors (2048K)
 Metaspace       used 28429K, committed 28736K, reserved 1114112K
  class space    used 3455K, committed 3584K, reserved 1048576K
}
Event: 6.652 GC heap before
{Heap before GC invocations=8 (full 0):
 garbage-first heap   total 36864K, used 23718K [0x0000000099400000, 0x0000000100000000)
  region size 1024K, 17 young (17408K), 2 survivors (2048K)
 Metaspace       used 30360K, committed 30656K, reserved 1114112K
  class space    used 3754K, committed 3904K, reserved 1048576K
}
Event: 6.657 GC heap after
{Heap after GC invocations=9 (full 0):
 garbage-first heap   total 36864K, used 11195K [0x0000000099400000, 0x0000000100000000)
  region size 1024K, 3 young (3072K), 3 survivors (3072K)
 Metaspace       used 30360K, committed 30656K, reserved 1114112K
  class space    used 3754K, committed 3904K, reserved 1048576K
}
Event: 7.203 GC heap before
{Heap before GC invocations=9 (full 0):
 garbage-first heap   total 36864K, used 25531K [0x0000000099400000, 0x0000000100000000)
  region size 1024K, 18 young (18432K), 3 survivors (3072K)
 Metaspace       used 31807K, committed 32128K, reserved 1114112K
  class space    used 3969K, committed 4160K, reserved 1048576K
}
Event: 7.222 GC heap after
{Heap after GC invocations=10 (full 0):
 garbage-first heap   total 36864K, used 11994K [0x0000000099400000, 0x0000000100000000)
  region size 1024K, 2 young (2048K), 2 survivors (2048K)
 Metaspace       used 31807K, committed 32128K, reserved 1114112K
  class space    used 3969K, committed 4160K, reserved 1048576K
}
Event: 7.909 GC heap before
{Heap before GC invocations=10 (full 0):
 garbage-first heap   total 36864K, used 26330K [0x0000000099400000, 0x0000000100000000)
  region size 1024K, 16 young (16384K), 2 survivors (2048K)
 Metaspace       used 35385K, committed 35712K, reserved 1114112K
  class space    used 4472K, committed 4608K, reserved 1048576K
}
Event: 7.923 GC heap after
{Heap after GC invocations=11 (full 0):
 garbage-first heap   total 36864K, used 12761K [0x0000000099400000, 0x0000000100000000)
  region size 1024K, 2 young (2048K), 2 survivors (2048K)
 Metaspace       used 35385K, committed 35712K, reserved 1114112K
  class space    used 4472K, committed 4608K, reserved 1048576K
}
Event: 7.981 GC heap before
{Heap before GC invocations=11 (full 0):
 garbage-first heap   total 36864K, used 12761K [0x0000000099400000, 0x0000000100000000)
  region size 1024K, 4 young (4096K), 2 survivors (2048K)
 Metaspace       used 35642K, committed 35968K, reserved 1114112K
  class space    used 4492K, committed 4672K, reserved 1048576K
}
Event: 7.988 GC heap after
{Heap after GC invocations=12 (full 0):
 garbage-first heap   total 73728K, used 13182K [0x0000000099400000, 0x0000000100000000)
  region size 1024K, 1 young (1024K), 1 survivors (1024K)
 Metaspace       used 35642K, committed 35968K, reserved 1114112K
  class space    used 4492K, committed 4672K, reserved 1048576K
}
Event: 9.339 GC heap before
{Heap before GC invocations=13 (full 0):
 garbage-first heap   total 51200K, used 42878K [0x0000000099400000, 0x0000000100000000)
  region size 1024K, 30 young (30720K), 1 survivors (1024K)
 Metaspace       used 39869K, committed 40384K, reserved 1114112K
  class space    used 5095K, committed 5312K, reserved 1048576K
}
Event: 9.350 GC heap after
{Heap after GC invocations=14 (full 0):
 garbage-first heap   total 51200K, used 15720K [0x0000000099400000, 0x0000000100000000)
  region size 1024K, 3 young (3072K), 3 survivors (3072K)
 Metaspace       used 39869K, committed 40384K, reserved 1114112K
  class space    used 5095K, committed 5312K, reserved 1048576K
}
Event: 191.943 GC heap before
{Heap before GC invocations=14 (full 0):
 garbage-first heap   total 51200K, used 39272K [0x0000000099400000, 0x0000000100000000)
  region size 1024K, 26 young (26624K), 3 survivors (3072K)
 Metaspace       used 42954K, committed 43520K, reserved 1114112K
  class space    used 5510K, committed 5760K, reserved 1048576K
}
Event: 191.962 GC heap after
{Heap after GC invocations=15 (full 0):
 garbage-first heap   total 51200K, used 17107K [0x0000000099400000, 0x0000000100000000)
  region size 1024K, 2 young (2048K), 2 survivors (2048K)
 Metaspace       used 42954K, committed 43520K, reserved 1114112K
  class space    used 5510K, committed 5760K, reserved 1048576K
}

Dll operation events (10 events):
Event: 0.014 Loaded shared library C:\Users\student\Downloads\spring-tool-suite-4-4.21.1.RELEASE-e4.30.0-win32.win32.x86_64.self-extracting\contents\sts-4.21.1.RELEASE\plugins\org.eclipse.justj.openjdk.hotspot.jre.full.win32.x86_64_17.0.10.v20240120-1143\jre\bin\java.
Event: 0.728 Loaded shared library C:\Users\student\Downloads\spring-tool-suite-4-4.21.1.RELEASE-e4.30.0-win32.win32.x86_64.self-extracting\contents\sts-4.21.1.RELEASE\plugins\org.eclipse.justj.openjdk.hotspot.jre.full.win32.x86_64_17.0.10.v20240120-1143\jre\bin\jimag
Event: 0.774 Loaded shared library C:\Users\student\Downloads\spring-tool-suite-4-4.21.1.RELEASE-e4.30.0-win32.win32.x86_64.self-extracting\contents\sts-4.21.1.RELEASE\plugins\org.eclipse.justj.openjdk.hotspot.jre.full.win32.x86_64_17.0.10.v20240120-1143\jre\bin\net.d
Event: 0.776 Loaded shared library C:\Users\student\Downloads\spring-tool-suite-4-4.21.1.RELEASE-e4.30.0-win32.win32.x86_64.self-extracting\contents\sts-4.21.1.RELEASE\plugins\org.eclipse.justj.openjdk.hotspot.jre.full.win32.x86_64_17.0.10.v20240120-1143\jre\bin\nio.d
Event: 0.786 Loaded shared library C:\Users\student\Downloads\spring-tool-suite-4-4.21.1.RELEASE-e4.30.0-win32.win32.x86_64.self-extracting\contents\sts-4.21.1.RELEASE\plugins\org.eclipse.justj.openjdk.hotspot.jre.full.win32.x86_64_17.0.10.v20240120-1143\jre\bin\zip.d
Event: 1.047 Loaded shared library C:\Users\student\Downloads\spring-tool-suite-4-4.21.1.RELEASE-e4.30.0-win32.win32.x86_64.self-extracting\contents\sts-4.21.1.RELEASE\plugins\org.eclipse.justj.openjdk.hotspot.jre.full.win32.x86_64_17.0.10.v20240120-1143\jre\bin\manag
Event: 1.083 Loaded shared library C:\Users\student\Downloads\spring-tool-suite-4-4.21.1.RELEASE-e4.30.0-win32.win32.x86_64.self-extracting\contents\sts-4.21.1.RELEASE\plugins\org.eclipse.justj.openjdk.hotspot.jre.full.win32.x86_64_17.0.10.v20240120-1143\jre\bin\manag
Event: 1.683 Loaded shared library C:\Users\student\Downloads\spring-tool-suite-4-4.21.1.RELEASE-e4.30.0-win32.win32.x86_64.self-extracting\contents\sts-4.21.1.RELEASE\plugins\org.eclipse.justj.openjdk.hotspot.jre.full.win32.x86_64_17.0.10.v20240120-1143\jre\bin\extne
Event: 6.436 Loaded shared library C:\Users\student\Downloads\spring-tool-suite-4-4.21.1.RELEASE-e4.30.0-win32.win32.x86_64.self-extracting\contents\sts-4.21.1.RELEASE\plugins\org.eclipse.justj.openjdk.hotspot.jre.full.win32.x86_64_17.0.10.v20240120-1143\jre\bin\sunms
Event: 343.209 Loaded shared library C:\ProgramData\ABBYY\FCSDK\12\FlexiCapture SDK\Java\com.abbyy.FCEngine\win\x64\FCEngine.Jni.dll

Deoptimization events (0 events):
No events

Classes unloaded (0 events):
No events

Classes redefined (0 events):
No events

Internal exceptions (20 events):
Event: 8.644 Thread 0x0000019338873050 Exception <a 'java/lang/NoSuchMethodError'{0x000000009b6abe28}: 'java.lang.Object java.lang.invoke.DirectMethodHandle$Holder.invokeSpecial(java.lang.Object, java.lang.Object, long, java.lang.Object, java.lang.Object, java.lang.Object, java.lang.Object, java.lang.Object, java.lang.Object)'> (0x000000009b6abe28) 
thrown [s\src\hotspot\share\interpreter\linkResolver.cpp, line 759]
Event: 8.644 Thread 0x0000019338873050 Exception <a 'java/lang/NoSuchMethodError'{0x000000009b6b0950}: 'java.lang.Object java.lang.invoke.DelegatingMethodHandle$Holder.reinvoke_L(java.lang.Object, long, java.lang.Object, java.lang.Object, java.lang.Object, java.lang.Object, java.lang.Object, java.lang.Object)'> (0x000000009b6b0950) 
thrown [s\src\hotspot\share\interpreter\linkResolver.cpp, line 759]
Event: 8.708 Thread 0x0000019338873050 Exception <a 'java/io/FileNotFoundException'{0x000000009b5ffec0}> (0x000000009b5ffec0) 
thrown [s\src\hotspot\share\prims\jni.cpp, line 516]
Event: 8.773 Thread 0x0000019338873050 Exception <a 'java/lang/NoSuchMethodError'{0x000000009b3020e8}: 'int java.lang.invoke.DirectMethodHandle$Holder.invokeInterface(java.lang.Object, java.lang.Object, java.lang.Object, java.lang.Object)'> (0x000000009b3020e8) 
thrown [s\src\hotspot\share\interpreter\linkResolver.cpp, line 759]
Event: 8.860 Thread 0x0000019338873050 Exception <a 'java/lang/NoSuchMethodError'{0x000000009b2fe6c8}: 'long java.lang.invoke.DirectMethodHandle$Holder.invokeVirtual(java.lang.Object, java.lang.Object)'> (0x000000009b2fe6c8) 
thrown [s\src\hotspot\share\interpreter\linkResolver.cpp, line 759]
Event: 8.862 Thread 0x0000019338873050 Exception <a 'java/io/FileNotFoundException'{0x000000009b132368}> (0x000000009b132368) 
thrown [s\src\hotspot\share\prims\jni.cpp, line 516]
Event: 9.017 Thread 0x0000019338873050 Exception <a 'java/lang/NoSuchMethodError'{0x000000009afc9ab0}: 'java.lang.Object java.lang.invoke.DirectMethodHandle$Holder.invokeInterface(java.lang.Object, java.lang.Object, java.lang.Object, java.lang.Object)'> (0x000000009afc9ab0) 
thrown [s\src\hotspot\share\interpreter\linkResolver.cpp, line 759]
Event: 9.130 Thread 0x000001933877d330 Exception <a 'java/lang/reflect/InvocationTargetException'{0x000000009ac81478}> (0x000000009ac81478) 
thrown [s\src\hotspot\share\runtime\reflection.cpp, line 1121]
Event: 9.357 Thread 0x0000019338873050 Exception <a 'sun/nio/fs/WindowsException'{0x000000009fb24268}> (0x000000009fb24268) 
thrown [s\src\hotspot\share\prims\jni.cpp, line 516]
Event: 9.412 Thread 0x0000019338873050 Exception <a 'java/lang/IncompatibleClassChangeError'{0x000000009dbb91f8}: Found class java.lang.Object, but interface was expected> (0x000000009dbb91f8) 
thrown [s\src\hotspot\share\interpreter\linkResolver.cpp, line 826]
Event: 9.464 Thread 0x0000019338873050 Exception <a 'java/lang/NoSuchMethodError'{0x000000009c3ffcd8}: 'void java.lang.invoke.DirectMethodHandle$Holder.invokeVirtual(java.lang.Object, java.lang.Object, long)'> (0x000000009c3ffcd8) 
thrown [s\src\hotspot\share\interpreter\linkResolver.cpp, line 759]
Event: 9.560 Thread 0x0000019338873050 Exception <a 'java/lang/NoSuchMethodError'{0x000000009bf6bca0}: 'int java.lang.invoke.DirectMethodHandle$Holder.invokeStaticInit(java.lang.Object, java.lang.Object, java.lang.Object, java.lang.Object)'> (0x000000009bf6bca0) 
thrown [s\src\hotspot\share\interpreter\linkResolver.cpp, line 759]
Event: 9.846 Thread 0x0000019338873050 Exception <a 'java/lang/NoSuchMethodError'{0x000000009bbb4ce0}: 'java.lang.Object java.lang.invoke.DirectMethodHandle$Holder.newInvokeSpecial(java.lang.Object, java.lang.Object, int, java.lang.Object, java.lang.Object)'> (0x000000009bbb4ce0) 
thrown [s\src\hotspot\share\interpreter\linkResolver.cpp, line 759]
Event: 9.846 Thread 0x0000019338873050 Exception <a 'java/lang/NoSuchMethodError'{0x000000009bbc0358}: 'java.lang.Object java.lang.invoke.DirectMethodHandle$Holder.invokeSpecial(java.lang.Object, java.lang.Object, int, java.lang.Object, int, java.lang.Object)'> (0x000000009bbc0358) 
thrown [s\src\hotspot\share\interpreter\linkResolver.cpp, line 759]
Event: 9.846 Thread 0x0000019338873050 Exception <a 'java/lang/NoSuchMethodError'{0x000000009bbc8408}: 'java.lang.Object java.lang.invoke.DirectMethodHandle$Holder.newInvokeSpecial(java.lang.Object, java.lang.Object, int, java.lang.Object, int)'> (0x000000009bbc8408) 
thrown [s\src\hotspot\share\interpreter\linkResolver.cpp, line 759]
Event: 9.846 Thread 0x0000019338873050 Exception <a 'java/lang/NoSuchMethodError'{0x000000009bbcc508}: 'java.lang.Object java.lang.invoke.DirectMethodHandle$Holder.invokeSpecial(java.lang.Object, java.lang.Object, java.lang.Object, int, java.lang.Object, int)'> (0x000000009bbcc508) 
thrown [s\src\hotspot\share\interpreter\linkResolver.cpp, line 759]
Event: 191.901 Thread 0x00000193388749a0 Exception <a 'java/lang/NoSuchMethodError'{0x000000009b084c50}: 'java.lang.Object java.lang.invoke.DirectMethodHandle$Holder.invokeSpecial(java.lang.Object, java.lang.Object, java.lang.Object, java.lang.Object, java.lang.Object, long)'> (0x000000009b084c50) 
thrown [s\src\hotspot\share\interpreter\linkResolver.cpp, line 759]
Event: 191.901 Thread 0x00000193388749a0 Exception <a 'java/lang/NoSuchMethodError'{0x000000009b088690}: 'java.lang.Object java.lang.invoke.Invokers$Holder.linkToTargetMethod(java.lang.Object, java.lang.Object, java.lang.Object, long, java.lang.Object)'> (0x000000009b088690) 
thrown [s\src\hotspot\share\interpreter\linkResolver.cpp, line 759]
Event: 358.770 Thread 0x0000019338873f80 Exception <a 'java/io/FileNotFoundException'{0x000000009b60a1c0}> (0x000000009b60a1c0) 
thrown [s\src\hotspot\share\prims\jni.cpp, line 516]
Event: 358.784 Thread 0x0000019338873f80 Exception <a 'com/abbyy/FCEngine/EngineException'{0x000000009b60cfa0}> (0x000000009b60cfa0) 
thrown [s\src\hotspot\share\prims\jni.cpp, line 516]

VM Operations (20 events):
Event: 212.341 Executing VM operation: Cleanup
Event: 212.341 Executing VM operation: Cleanup done
Event: 215.342 Executing VM operation: Cleanup
Event: 215.342 Executing VM operation: Cleanup done
Event: 216.343 Executing VM operation: Cleanup
Event: 216.343 Executing VM operation: Cleanup done
Event: 219.345 Executing VM operation: Cleanup
Event: 219.345 Executing VM operation: Cleanup done
Event: 240.728 Executing VM operation: HandshakeAllThreads
Event: 240.728 Executing VM operation: HandshakeAllThreads done
Event: 242.731 Executing VM operation: Cleanup
Event: 242.731 Executing VM operation: Cleanup done
Event: 257.741 Executing VM operation: Cleanup
Event: 257.741 Executing VM operation: Cleanup done
Event: 304.769 Executing VM operation: Cleanup
Event: 304.769 Executing VM operation: Cleanup done
Event: 343.387 Executing VM operation: HandshakeAllThreads
Event: 343.387 Executing VM operation: HandshakeAllThreads done
Event: 343.387 Executing VM operation: Cleanup
Event: 343.387 Executing VM operation: Cleanup done

Events (20 events):
Event: 191.907 loading class sun/nio/cs/ThreadLocalCoders$2
Event: 191.907 loading class sun/nio/cs/ThreadLocalCoders$2 done
Event: 192.011 loading class java/util/UUID$Holder
Event: 192.011 loading class java/util/UUID$Holder done
Event: 192.013 loading class java/io/FileOutputStream$1
Event: 192.014 loading class java/io/FileOutputStream$1 done
Event: 192.160 loading class java/util/regex/Pattern$SliceI
Event: 192.161 loading class java/util/regex/Pattern$SliceI done
Event: 192.171 loading class java/time/format/DateTimeFormatterBuilder$ZoneTextPrinterParser
Event: 192.171 loading class java/time/format/DateTimeFormatterBuilder$ZoneTextPrinterParser done
Event: 192.171 loading class java/time/format/DateTimeFormatterBuilder$ReducedPrinterParser
Event: 192.172 loading class java/time/format/DateTimeFormatterBuilder$ReducedPrinterParser done
Event: 192.236 loading class java/lang/Throwable$WrappedPrintWriter
Event: 192.236 loading class java/lang/Throwable$WrappedPrintWriter done
Event: 192.291 loading class java/util/stream/LongStream
Event: 192.291 loading class java/util/stream/LongStream done
Event: 192.291 loading class java/util/stream/DoubleStream
Event: 192.291 loading class java/util/stream/DoubleStream done
Event: 193.740 Thread 0x0000019338b4aeb0 Thread added: 0x0000019338b4aeb0
Event: 195.515 Thread 0x0000019338b4aeb0 Thread exited: 0x0000019338b4aeb0


Dynamic libraries:
0x00007ff7c7620000 - 0x00007ff7c762e000 	C:\Users\student\Downloads\spring-tool-suite-4-4.21.1.RELEASE-e4.30.0-win32.win32.x86_64.self-extracting\contents\sts-4.21.1.RELEASE\plugins\org.eclipse.justj.openjdk.hotspot.jre.full.win32.x86_64_17.0.10.v20240120-1143\jre\bin\javaw.exe
0x00007ffd3b1a0000 - 0x00007ffd3b36f000 	C:\Windows\SYSTEM32\ntdll.dll
0x00007ffd3b040000 - 0x00007ffd3b0ed000 	C:\Windows\System32\KERNEL32.DLL
0x00007ffd377d0000 - 0x00007ffd379ee000 	C:\Windows\System32\KERNELBASE.dll
0x00007ffd37670000 - 0x00007ffd37764000 	C:\Windows\System32\ucrtbase.dll
0x00007ffd2f2c0000 - 0x00007ffd2f2d7000 	C:\Users\student\Downloads\spring-tool-suite-4-4.21.1.RELEASE-e4.30.0-win32.win32.x86_64.self-extracting\contents\sts-4.21.1.RELEASE\plugins\org.eclipse.justj.openjdk.hotspot.jre.full.win32.x86_64_17.0.10.v20240120-1143\jre\bin\jli.dll
0x00007ffd39320000 - 0x00007ffd39486000 	C:\Windows\System32\USER32.dll
0x00007ffd37ff0000 - 0x00007ffd3800e000 	C:\Windows\System32\win32u.dll
0x00007ffd38e70000 - 0x00007ffd38ea4000 	C:\Windows\System32\GDI32.dll
0x00007ffd37d10000 - 0x00007ffd37e94000 	C:\Windows\System32\gdi32full.dll
0x00007ffd2f2a0000 - 0x00007ffd2f2bb000 	C:\Users\student\Downloads\spring-tool-suite-4-4.21.1.RELEASE-e4.30.0-win32.win32.x86_64.self-extracting\contents\sts-4.21.1.RELEASE\plugins\org.eclipse.justj.openjdk.hotspot.jre.full.win32.x86_64_17.0.10.v20240120-1143\jre\bin\VCRUNTIME140.dll
0x00007ffd2fed0000 - 0x00007ffd3014a000 	C:\Windows\WinSxS\amd64_microsoft.windows.common-controls_6595b64144ccf1df_6.0.14393.4169_none_7de0bbf28341b1f2\COMCTL32.dll
0x00007ffd391d0000 - 0x00007ffd3926e000 	C:\Windows\System32\msvcrt.dll
0x00007ffd3ab30000 - 0x00007ffd3adf6000 	C:\Windows\System32\combase.dll
0x00007ffd38eb0000 - 0x00007ffd38fcd000 	C:\Windows\System32\RPCRT4.dll
0x00007ffd37bf0000 - 0x00007ffd37c5c000 	C:\Windows\System32\bcryptPrimitives.dll
0x00007ffd39270000 - 0x00007ffd3929e000 	C:\Windows\System32\IMM32.DLL
0x00007ffd2f290000 - 0x00007ffd2f29c000 	C:\Users\student\Downloads\spring-tool-suite-4-4.21.1.RELEASE-e4.30.0-win32.win32.x86_64.self-extracting\contents\sts-4.21.1.RELEASE\plugins\org.eclipse.justj.openjdk.hotspot.jre.full.win32.x86_64_17.0.10.v20240120-1143\jre\bin\vcruntime140_1.dll
0x00007ffd157a0000 - 0x00007ffd1582d000 	C:\Users\student\Downloads\spring-tool-suite-4-4.21.1.RELEASE-e4.30.0-win32.win32.x86_64.self-extracting\contents\sts-4.21.1.RELEASE\plugins\org.eclipse.justj.openjdk.hotspot.jre.full.win32.x86_64_17.0.10.v20240120-1143\jre\bin\msvcp140.dll
0x00007ffd0e1c0000 - 0x00007ffd0ee22000 	C:\Users\student\Downloads\spring-tool-suite-4-4.21.1.RELEASE-e4.30.0-win32.win32.x86_64.self-extracting\contents\sts-4.21.1.RELEASE\plugins\org.eclipse.justj.openjdk.hotspot.jre.full.win32.x86_64_17.0.10.v20240120-1143\jre\bin\server\jvm.dll
0x00007ffd3aa70000 - 0x00007ffd3ab16000 	C:\Windows\System32\ADVAPI32.dll
0x00007ffd392a0000 - 0x00007ffd392fb000 	C:\Windows\System32\sechost.dll
0x00007ffd375f0000 - 0x00007ffd3763c000 	C:\Windows\System32\POWRPROF.dll
0x00007ffd2c700000 - 0x00007ffd2c709000 	C:\Windows\SYSTEM32\WSOCK32.dll
0x00007ffd3aa00000 - 0x00007ffd3aa6a000 	C:\Windows\System32\WS2_32.dll
0x00007ffd35b10000 - 0x00007ffd35b33000 	C:\Windows\SYSTEM32\WINMM.dll
0x00007ffd33630000 - 0x00007ffd3363a000 	C:\Windows\SYSTEM32\VERSION.dll
0x00007ffd35ab0000 - 0x00007ffd35adb000 	C:\Windows\SYSTEM32\WINMMBASE.dll
0x00007ffd386f0000 - 0x00007ffd38732000 	C:\Windows\System32\cfgmgr32.dll
0x00007ffd375e0000 - 0x00007ffd375ef000 	C:\Windows\System32\kernel.appcore.dll
0x00007ffd2fb60000 - 0x00007ffd2fb6a000 	C:\Users\student\Downloads\spring-tool-suite-4-4.21.1.RELEASE-e4.30.0-win32.win32.x86_64.self-extracting\contents\sts-4.21.1.RELEASE\plugins\org.eclipse.justj.openjdk.hotspot.jre.full.win32.x86_64_17.0.10.v20240120-1143\jre\bin\jimage.dll
0x00007ffd28bc0000 - 0x00007ffd28d52000 	C:\Windows\SYSTEM32\DBGHELP.DLL
0x00007ffd28b90000 - 0x00007ffd28bb9000 	C:\Windows\SYSTEM32\dbgcore.DLL
0x00007ffd2f800000 - 0x00007ffd2f825000 	C:\Users\student\Downloads\spring-tool-suite-4-4.21.1.RELEASE-e4.30.0-win32.win32.x86_64.self-extracting\contents\sts-4.21.1.RELEASE\plugins\org.eclipse.justj.openjdk.hotspot.jre.full.win32.x86_64_17.0.10.v20240120-1143\jre\bin\java.dll
0x00007ffd2f150000 - 0x00007ffd2f168000 	C:\Users\student\Downloads\spring-tool-suite-4-4.21.1.RELEASE-e4.30.0-win32.win32.x86_64.self-extracting\contents\sts-4.21.1.RELEASE\plugins\org.eclipse.justj.openjdk.hotspot.jre.full.win32.x86_64_17.0.10.v20240120-1143\jre\bin\zip.dll
0x00007ffd394f0000 - 0x00007ffd3a9f5000 	C:\Windows\System32\SHELL32.dll
0x00007ffd38010000 - 0x00007ffd386e3000 	C:\Windows\System32\windows.storage.dll
0x00007ffd39490000 - 0x00007ffd394e2000 	C:\Windows\System32\shlwapi.dll
0x00007ffd37c60000 - 0x00007ffd37d08000 	C:\Windows\System32\shcore.dll
0x00007ffd37640000 - 0x00007ffd37654000 	C:\Windows\System32\profapi.dll
0x00007ffd2f130000 - 0x00007ffd2f149000 	C:\Users\student\Downloads\spring-tool-suite-4-4.21.1.RELEASE-e4.30.0-win32.win32.x86_64.self-extracting\contents\sts-4.21.1.RELEASE\plugins\org.eclipse.justj.openjdk.hotspot.jre.full.win32.x86_64_17.0.10.v20240120-1143\jre\bin\net.dll
0x00007ffd337c0000 - 0x00007ffd3388d000 	C:\Windows\SYSTEM32\WINHTTP.dll
0x00007ffd36f10000 - 0x00007ffd36f6d000 	C:\Windows\system32\mswsock.dll
0x00007ffd2f110000 - 0x00007ffd2f126000 	C:\Users\student\Downloads\spring-tool-suite-4-4.21.1.RELEASE-e4.30.0-win32.win32.x86_64.self-extracting\contents\sts-4.21.1.RELEASE\plugins\org.eclipse.justj.openjdk.hotspot.jre.full.win32.x86_64_17.0.10.v20240120-1143\jre\bin\nio.dll
0x00007ffd35530000 - 0x00007ffd35539000 	C:\Users\student\Downloads\spring-tool-suite-4-4.21.1.RELEASE-e4.30.0-win32.win32.x86_64.self-extracting\contents\sts-4.21.1.RELEASE\plugins\org.eclipse.justj.openjdk.hotspot.jre.full.win32.x86_64_17.0.10.v20240120-1143\jre\bin\management.dll
0x00007ffd35520000 - 0x00007ffd3552b000 	C:\Users\student\Downloads\spring-tool-suite-4-4.21.1.RELEASE-e4.30.0-win32.win32.x86_64.self-extracting\contents\sts-4.21.1.RELEASE\plugins\org.eclipse.justj.openjdk.hotspot.jre.full.win32.x86_64_17.0.10.v20240120-1143\jre\bin\management_ext.dll
0x00007ffd3b0f0000 - 0x00007ffd3b0f8000 	C:\Windows\System32\PSAPI.DLL
0x00007ffd22750000 - 0x00007ffd22766000 	C:\Windows\system32\napinsp.dll
0x00007ffd22770000 - 0x00007ffd2278a000 	C:\Windows\system32\pnrpnsp.dll
0x00007ffd34d90000 - 0x00007ffd34da8000 	C:\Windows\system32\NLAapi.dll
0x00007ffd36c80000 - 0x00007ffd36d22000 	C:\Windows\SYSTEM32\DNSAPI.dll
0x00007ffd3ab20000 - 0x00007ffd3ab28000 	C:\Windows\System32\NSI.dll
0x00007ffd36c40000 - 0x00007ffd36c78000 	C:\Windows\SYSTEM32\IPHLPAPI.DLL
0x00007ffd2c4a0000 - 0x00007ffd2c4ae000 	C:\Windows\System32\winrnr.dll
0x00007ffd30660000 - 0x00007ffd3066a000 	C:\Windows\System32\rasadhlp.dll
0x00007ffd32430000 - 0x00007ffd3249a000 	C:\Windows\System32\fwpuclnt.dll
0x00007ffd371c0000 - 0x00007ffd371eb000 	C:\Windows\SYSTEM32\bcrypt.dll
0x00007ffd370b0000 - 0x00007ffd370c7000 	C:\Windows\SYSTEM32\CRYPTSP.dll
0x00007ffd36a60000 - 0x00007ffd36a93000 	C:\Windows\system32\rsaenh.dll
0x00007ffd36d40000 - 0x00007ffd36d60000 	C:\Windows\SYSTEM32\USERENV.dll
0x00007ffd370d0000 - 0x00007ffd370db000 	C:\Windows\SYSTEM32\CRYPTBASE.dll
0x00007ffd32920000 - 0x00007ffd32936000 	C:\Windows\SYSTEM32\dhcpcsvc6.DLL
0x00007ffd32900000 - 0x00007ffd3291a000 	C:\Windows\SYSTEM32\dhcpcsvc.DLL
0x00007ffd2fb70000 - 0x00007ffd2fb79000 	C:\Users\student\Downloads\spring-tool-suite-4-4.21.1.RELEASE-e4.30.0-win32.win32.x86_64.self-extracting\contents\sts-4.21.1.RELEASE\plugins\org.eclipse.justj.openjdk.hotspot.jre.full.win32.x86_64_17.0.10.v20240120-1143\jre\bin\extnet.dll
0x00007ffd2fba0000 - 0x00007ffd2fbae000 	C:\Users\student\Downloads\spring-tool-suite-4-4.21.1.RELEASE-e4.30.0-win32.win32.x86_64.self-extracting\contents\sts-4.21.1.RELEASE\plugins\org.eclipse.justj.openjdk.hotspot.jre.full.win32.x86_64_17.0.10.v20240120-1143\jre\bin\sunmscapi.dll
0x00007ffd379f0000 - 0x00007ffd37be3000 	C:\Windows\System32\CRYPT32.dll
0x00007ffd37660000 - 0x00007ffd37670000 	C:\Windows\System32\MSASN1.dll
0x00007ffd37190000 - 0x00007ffd371b6000 	C:\Windows\SYSTEM32\ncrypt.dll
0x00007ffd37150000 - 0x00007ffd3718b000 	C:\Windows\SYSTEM32\NTASN1.dll
0x0000000180000000 - 0x00000001802bb000 	C:\ProgramData\ABBYY\FCSDK\12\FlexiCapture SDK\Java\com.abbyy.FCEngine\win\x64\FCEngine.Jni.dll
0x00007ffd38fd0000 - 0x00007ffd39109000 	C:\Windows\System32\ole32.dll
0x00007ffd39110000 - 0x00007ffd391d0000 	C:\Windows\System32\OLEAUT32.dll
0x00007ffd37ea0000 - 0x00007ffd37f3c000 	C:\Windows\System32\msvcp_win.dll
0x00007ffd35db0000 - 0x00007ffd35e45000 	C:\Windows\system32\uxtheme.dll
0x000001933a750000 - 0x000001933ac3c000 	C:\Program Files\ABBYY SDK\12\FlexiCapture SDK\Bin64\FCEngine.dll
0x000001933a5d0000 - 0x000001933a69c000 	C:\Program Files\ABBYY SDK\12\FlexiCapture SDK\Bin64\FineObj.dll
0x00007ffd0df40000 - 0x00007ffd0e169000 	C:\Program Files\ABBYY SDK\12\FlexiCapture SDK\Bin64\LangInfoUnicode.dll
0x00007ffd32140000 - 0x00007ffd32325000 	C:\Program Files\ABBYY SDK\12\FlexiCapture SDK\Bin64\Awl.dll
0x00007ffd17510000 - 0x00007ffd17575000 	C:\Windows\SYSTEM32\OLEACC.dll
0x00007ffd32e90000 - 0x00007ffd32f17000 	C:\Windows\SYSTEM32\WINSPOOL.DRV
0x00007ffd17580000 - 0x00007ffd17587000 	C:\Windows\SYSTEM32\MSIMG32.dll
0x00007ffd372e0000 - 0x00007ffd3730c000 	C:\Windows\SYSTEM32\SSPICLI.DLL
0x00007ffd3b100000 - 0x00007ffd3b19f000 	C:\Windows\System32\clbcatq.dll
0x00007ffd34f40000 - 0x00007ffd350e8000 	C:\Windows\system32\windowscodecs.dll
0x00007ffd374b0000 - 0x00007ffd37548000 	C:\Windows\SYSTEM32\sxs.dll
0x00007ffd2d4b0000 - 0x00007ffd2d70a000 	C:\Windows\System32\msxml6.dll

dbghelp: loaded successfully - version: 4.0.5 - missing functions: none
symbol engine: initialized successfully - sym options: 0x614 - pdb path: .;C:\Users\student\Downloads\spring-tool-suite-4-4.21.1.RELEASE-e4.30.0-win32.win32.x86_64.self-extracting\contents\sts-4.21.1.RELEASE\plugins\org.eclipse.justj.openjdk.hotspot.jre.full.win32.x86_64_17.0.10.v20240120-1143\jre\bin;C:\Windows\SYSTEM32;C:\Windows\WinSxS\amd64_microsoft.windows.common-controls_6595b64144ccf1df_6.0.14393.4169_none_7de0bbf28341b1f2;C:\Users\student\Downloads\spring-tool-suite-4-4.21.1.RELEASE-e4.30.0-win32.win32.x86_64.self-extracting\contents\sts-4.21.1.RELEASE\plugins\org.eclipse.justj.openjdk.hotspot.jre.full.win32.x86_64_17.0.10.v20240120-1143\jre\bin\server;C:\ProgramData\ABBYY\FCSDK\12\FlexiCapture SDK\Java\com.abbyy.FCEngine\win\x64;C:\Program Files\ABBYY SDK\12\FlexiCapture SDK\Bin64

VM Arguments:
jvm_args: -Dcom.sun.management.jmxremote -Dcom.sun.management.jmxremote.port=49730 -Dcom.sun.management.jmxremote.authenticate=false -Dcom.sun.management.jmxremote.ssl=false -Djava.rmi.server.hostname=localhost -Dspring.jmx.enabled=true -Dmanagement.endpoints.jmx.exposure.include=* -Dspring.application.admin.enabled=true -XX:TieredStopAtLevel=1 -Dspring.boot.project.name=abbyyApi -Dfile.encoding=UTF-8 -Dstdout.encoding=UTF-8 -Dstderr.encoding=UTF-8 -XX:+ShowCodeDetailsInExceptionMessages 
java_command: com.abbyysdk.AbbyyApiApplication --spring.output.ansi.enabled=always
java_class_path (initial): C:\Users\student\Documents\workspace-spring-tool-suite-4-4.21.1.RELEASE\abbyyApi\target\classes;C:\ProgramData\ABBYY\FCSDK\12\FlexiCapture SDK\Inc\Java\com.abbyy.FCEngine.jar;C:\Users\student\.m2\repository\org\springframework\boot\spring-boot-starter-validation\3.2.2\spring-boot-starter-validation-3.2.2.jar;C:\Users\student\.m2\repository\org\springframework\boot\spring-boot-starter\3.2.2\spring-boot-starter-3.2.2.jar;C:\Users\student\.m2\repository\org\springframework\boot\spring-boot-starter-logging\3.2.2\spring-boot-starter-logging-3.2.2.jar;C:\Users\student\.m2\repository\ch\qos\logback\logback-classic\1.4.14\logback-classic-1.4.14.jar;C:\Users\student\.m2\repository\ch\qos\logback\logback-core\1.4.14\logback-core-1.4.14.jar;C:\Users\student\.m2\repository\org\apache\logging\log4j\log4j-to-slf4j\2.21.1\log4j-to-slf4j-2.21.1.jar;C:\Users\student\.m2\repository\org\apache\logging\log4j\log4j-api\2.21.1\log4j-api-2.21.1.jar;C:\Users\student\.m2\repository\org\slf4j\jul-to-slf4j\2.0.11\jul-to-slf4j-2.0.11.jar;C:\Users\student\.m2\repository\jakarta\annotation\jakarta.annotation-api\2.1.1\jakarta.annotation-api-2.1.1.jar;C:\Users\student\.m2\repository\org\yaml\snakeyaml\2.2\snakeyaml-2.2.jar;C:\Users\student\.m2\repository\org\apache\tomcat\embed\tomcat-embed-el\10.1.18\tomcat-embed-el-10.1.18.jar;C:\Users\student\.m2\repository\org\hibernate\validator\hibernate-validator\8.0.1.Final\hibernate-validator-8.0.1.Final.jar;C:\Users\student\.m2\repository\jakarta\validation\jakarta.validation-api\3.0.2\jakarta.validation-api-3.0.2.jar;C:\Users\student\.m2\repository\org\jboss\logging\jboss-logging\3.5.3.Final\jboss-logging-3.5.3.Final.jar;C:\Users\student\.m2\repository\com\fasterxml\classmate\1.6.0\classmate-1.6.0.jar;C:\Users\student\.m2\repository\org\springframework\boot\spring-boot-starter-web\3.2.2\spring-boot-starter-web-3.2.2.jar;C:\Users\student\.m2\repository\org\springframework\boot\spring-boot-starter-json\3.2.2\spring-boot-start
Launcher Type: SUN_STANDARD

[Global flags]
     intx CICompilerCount                          = 2                                         {product} {ergonomic}
     uint ConcGCThreads                            = 1                                         {product} {ergonomic}
     uint G1ConcRefinementThreads                  = 2                                         {product} {ergonomic}
   size_t G1HeapRegionSize                         = 1048576                                   {product} {ergonomic}
    uintx GCDrainStackTargetSize                   = 64                                        {product} {ergonomic}
   size_t InitialHeapSize                          = 109051904                                 {product} {ergonomic}
     bool ManagementServer                         = true                                      {product} {command line}
   size_t MarkStackSize                            = 4194304                                   {product} {ergonomic}
   size_t MaxHeapSize                              = 1723858944                                {product} {ergonomic}
   size_t MaxNewSize                               = 1033895936                                {product} {ergonomic}
   size_t MinHeapDeltaBytes                        = 1048576                                   {product} {ergonomic}
   size_t MinHeapSize                              = 8388608                                   {product} {ergonomic}
    uintx NonProfiledCodeHeapSize                  = 0                                      {pd product} {ergonomic}
     bool ProfileInterpreter                       = false                                  {pd product} {command line}
    uintx ProfiledCodeHeapSize                     = 0                                      {pd product} {ergonomic}
     bool ShowCodeDetailsInExceptionMessages       = true                                   {manageable} {command line}
   size_t SoftMaxHeapSize                          = 1723858944                             {manageable} {ergonomic}
     intx TieredStopAtLevel                        = 1                                         {product} {command line}
     bool UseCompressedClassPointers               = true                           {product lp64_product} {ergonomic}
     bool UseCompressedOops                        = true                           {product lp64_product} {ergonomic}
     bool UseG1GC                                  = true                                      {product} {ergonomic}
     bool UseLargePagesIndividualAllocation        = false                                  {pd product} {ergonomic}

Logging:
Log output configuration:
 #0: stdout all=warning uptime,level,tags
 #1: stderr all=off uptime,level,tags

Environment Variables:
PATH=C:/Users/student/Downloads/spring-tool-suite-4-4.21.1.RELEASE-e4.30.0-win32.win32.x86_64.self-extracting/contents/sts-4.21.1.RELEASE//plugins/org.eclipse.justj.openjdk.hotspot.jre.full.win32.x86_64_17.0.10.v20240120-1143/jre/bin/server;C:/Users/student/Downloads/spring-tool-suite-4-4.21.1.RELEASE-e4.30.0-win32.win32.x86_64.self-extracting/contents/sts-4.21.1.RELEASE//plugins/org.eclipse.justj.openjdk.hotspot.jre.full.win32.x86_64_17.0.10.v20240120-1143/jre/bin;C:\Program Files\Common Files\Oracle\Java\javapath;C:\Windows\system32;C:\Windows;C:\Windows\System32\Wbem;C:\Windows\System32\WindowsPowerShell\v1.0\;C:\Program Files\Microsoft SQL Server\Client SDK\ODBC\110\Tools\Binn\;C:\Program Files (x86)\Microsoft SQL Server\120\Tools\Binn\;C:\Program Files\Microsoft SQL Server\120\Tools\Binn\;C:\Program Files\Microsoft SQL Server\120\DTS\Binn\;C:\Program Files\dotnet\;C:\Program Files\Microsoft SQL Server\130\Tools\Binn\;C:\Program Files\Microsoft SQL Server\Client SDK\ODBC\170\Tools\Binn\;C:\Program Files\Git\cmd;C:\Program Files (x86)\Microsoft SQL Server\150\Tools\Binn\;C:\Program Files\Microsoft SQL Server\150\Tools\Binn\;C:\Program Files\Microsoft SQL Server\150\DTS\Binn\;C:\Program Files (x86)\Microsoft SQL Server\160\DTS\Binn\;C:\Program Files\Azure Data Studio\bin;C:\Users\student\AppData\Local\Microsoft\WindowsApps;C:\Users\student\.dotnet\tools;C:\Program Files\Azure Data Studio\bin;C:\Users\student\Downloads\spring-tool-suite-4-4.21.1.RELEASE-e4.30.0-win32.win32.x86_64.self-extracting\contents\sts-4.21.1.RELEASE;
USERNAME=student
OS=Windows_NT
PROCESSOR_IDENTIFIER=Intel64 Family 6 Model 140 Stepping 1, GenuineIntel
TMP=C:\Users\student\AppData\Local\Temp
TEMP=C:\Users\student\AppData\Local\Temp



Periodic native trim disabled


---------------  S Y S T E M  ---------------

OS:
 Windows 10 , 64 bit Build 14393 (10.0.14393.4651)
OS uptime: 0 days 0:08 hours
VMWare virtualization detected

CPU: total 2 (initial active 2) (1 cores per cpu, 1 threads per core) family 6 model 140 stepping 1 microcode 0xb4, cx8, cmov, fxsr, mmx, 3dnowpref, sse, sse2, sse3, ssse3, sse4.1, sse4.2, popcnt, lzcnt, tsc, tscinvbit, avx, avx2, aes, erms, clmul, bmi1, bmi2, adx, fma, vzeroupper, clflush, hv
Processor Information for all 2 processors :
  Max Mhz: 1382, Current Mhz: 1382, Mhz Limit: 1382

Memory: 4k page, system-wide physical 6571M (3704M free)
TotalPageFile size 7659M (AvailPageFile size 4608M)
current process WorkingSet (physical memory assigned to process): 205M, peak: 492M
current process commit charge ("private bytes"): 226M, peak: 521M

vm_info: OpenJDK 64-Bit Server VM (17.0.10+7) for windows-amd64 JRE (17.0.10+7), built on Jan 16 2024 23:25:11 by "admin" with MS VC++ 16.10 / 16.11 (VS2019)

END.
